ERROR - 2021-11-05 06:06:56 --> Error connecting to the database: No connection could be made because the target machine actively refused it
CRITICAL - 2021-11-05 06:06:56 --> Unable to connect to the database.
Main connection [MySQLi]: No connection could be made because the target machine actively refused it
#0 C:\xampp\htdocs\ci4app\system\Database\BaseConnection.php(625): CodeIgniter\Database\BaseConnection->initialize()
#1 C:\xampp\htdocs\ci4app\system\Database\BaseBuilder.php(1881): CodeIgniter\Database\BaseConnection->query('SELECT *\nFROM `...', Array, false)
#2 C:\xampp\htdocs\ci4app\system\Model.php(197): CodeIgniter\Database\BaseBuilder->get()
#3 C:\xampp\htdocs\ci4app\system\BaseModel.php(603): CodeIgniter\Model->doFindAll(0, 0)
#4 C:\xampp\htdocs\ci4app\app\Controllers\Admin\Users.php(126): CodeIgniter\BaseModel->findAll()
#5 C:\xampp\htdocs\ci4app\system\CodeIgniter.php(928): App\Controllers\Admin\Users->login()
#6 C:\xampp\htdocs\ci4app\system\CodeIgniter.php(436): CodeIgniter\CodeIgniter->runController(Object(App\Controllers\Admin\Users))
#7 C:\xampp\htdocs\ci4app\system\CodeIgniter.php(336): CodeIgniter\CodeIgniter->handleRequest(NULL, Object(Config\Cache), false)
#8 C:\xampp\htdocs\ci4app\public\index.php(37): CodeIgniter\CodeIgniter->run()
#9 C:\xampp\htdocs\ci4app\system\Commands\Server\rewrite.php(45): require_once('C:\\xampp\\htdocs...')
#10 {main}
ERROR - 2021-11-05 06:07:14 --> Error connecting to the database: No connection could be made because the target machine actively refused it
CRITICAL - 2021-11-05 06:07:14 --> Unable to connect to the database.
Main connection [MySQLi]: No connection could be made because the target machine actively refused it
#0 C:\xampp\htdocs\ci4app\system\Database\BaseConnection.php(625): CodeIgniter\Database\BaseConnection->initialize()
#1 C:\xampp\htdocs\ci4app\system\Database\BaseBuilder.php(1881): CodeIgniter\Database\BaseConnection->query('SELECT *\nFROM `...', Array, false)
#2 C:\xampp\htdocs\ci4app\system\Model.php(197): CodeIgniter\Database\BaseBuilder->get()
#3 C:\xampp\htdocs\ci4app\system\BaseModel.php(603): CodeIgniter\Model->doFindAll(0, 0)
#4 C:\xampp\htdocs\ci4app\app\Controllers\Admin\Users.php(126): CodeIgniter\BaseModel->findAll()
#5 C:\xampp\htdocs\ci4app\system\CodeIgniter.php(928): App\Controllers\Admin\Users->login()
#6 C:\xampp\htdocs\ci4app\system\CodeIgniter.php(436): CodeIgniter\CodeIgniter->runController(Object(App\Controllers\Admin\Users))
#7 C:\xampp\htdocs\ci4app\system\CodeIgniter.php(336): CodeIgniter\CodeIgniter->handleRequest(NULL, Object(Config\Cache), false)
#8 C:\xampp\htdocs\ci4app\public\index.php(37): CodeIgniter\CodeIgniter->run()
#9 C:\xampp\htdocs\ci4app\system\Commands\Server\rewrite.php(45): require_once('C:\\xampp\\htdocs...')
#10 {main}
