CRITICAL - 2021-06-13 13:47:16 --> Object of class CodeIgniter\View\View could not be converted to string
#0 C:\xampp\htdocs\ci4app\system\View\View.php(230): include()
#1 C:\xampp\htdocs\ci4app\system\View\View.php(232): CodeIgniter\View\View->CodeIgniter\View\{closure}()
#2 C:\xampp\htdocs\ci4app\system\View\View.php(246): CodeIgniter\View\View->render('layout/form', Array, true)
#3 C:\xampp\htdocs\ci4app\system\Common.php(1271): CodeIgniter\View\View->render('home/register', Array, true)
#4 C:\xampp\htdocs\ci4app\app\Controllers\Admin\Users.php(38): view('home/register', Array)
#5 C:\xampp\htdocs\ci4app\system\CodeIgniter.php(928): App\Controllers\Admin\Users->register()
#6 C:\xampp\htdocs\ci4app\system\CodeIgniter.php(436): CodeIgniter\CodeIgniter->runController(Object(App\Controllers\Admin\Users))
#7 C:\xampp\htdocs\ci4app\system\CodeIgniter.php(336): CodeIgniter\CodeIgniter->handleRequest(NULL, Object(Config\Cache), false)
#8 C:\xampp\htdocs\ci4app\public\index.php(37): CodeIgniter\CodeIgniter->run()
#9 C:\xampp\htdocs\ci4app\system\Commands\Server\rewrite.php(45): require_once('C:\\xampp\\htdocs...')
#10 {main}
CRITICAL - 2021-06-13 14:08:18 --> Undefined variable $csrf_field
#0 C:\xampp\htdocs\ci4app\app\Views\home\register.php(30): CodeIgniter\Debug\Exceptions->errorHandler(2, 'Undefined varia...', 'C:\\xampp\\htdocs...', 30)
#1 C:\xampp\htdocs\ci4app\system\View\View.php(230): include('C:\\xampp\\htdocs...')
#2 C:\xampp\htdocs\ci4app\system\View\View.php(232): CodeIgniter\View\View->CodeIgniter\View\{closure}()
#3 C:\xampp\htdocs\ci4app\system\Common.php(1271): CodeIgniter\View\View->render('home/register', Array, true)
#4 C:\xampp\htdocs\ci4app\app\Controllers\Admin\Users.php(38): view('home/register', Array)
#5 C:\xampp\htdocs\ci4app\system\CodeIgniter.php(928): App\Controllers\Admin\Users->register()
#6 C:\xampp\htdocs\ci4app\system\CodeIgniter.php(436): CodeIgniter\CodeIgniter->runController(Object(App\Controllers\Admin\Users))
#7 C:\xampp\htdocs\ci4app\system\CodeIgniter.php(336): CodeIgniter\CodeIgniter->handleRequest(NULL, Object(Config\Cache), false)
#8 C:\xampp\htdocs\ci4app\public\index.php(37): CodeIgniter\CodeIgniter->run()
#9 C:\xampp\htdocs\ci4app\system\Commands\Server\rewrite.php(45): require_once('C:\\xampp\\htdocs...')
#10 {main}
CRITICAL - 2021-06-13 14:08:25 --> Undefined variable $csrf_field
#0 C:\xampp\htdocs\ci4app\app\Views\home\register.php(30): CodeIgniter\Debug\Exceptions->errorHandler(2, 'Undefined varia...', 'C:\\xampp\\htdocs...', 30)
#1 C:\xampp\htdocs\ci4app\system\View\View.php(230): include('C:\\xampp\\htdocs...')
#2 C:\xampp\htdocs\ci4app\system\View\View.php(232): CodeIgniter\View\View->CodeIgniter\View\{closure}()
#3 C:\xampp\htdocs\ci4app\system\Common.php(1271): CodeIgniter\View\View->render('home/register', Array, true)
#4 C:\xampp\htdocs\ci4app\app\Controllers\Admin\Users.php(38): view('home/register', Array)
#5 C:\xampp\htdocs\ci4app\system\CodeIgniter.php(928): App\Controllers\Admin\Users->register()
#6 C:\xampp\htdocs\ci4app\system\CodeIgniter.php(436): CodeIgniter\CodeIgniter->runController(Object(App\Controllers\Admin\Users))
#7 C:\xampp\htdocs\ci4app\system\CodeIgniter.php(336): CodeIgniter\CodeIgniter->handleRequest(NULL, Object(Config\Cache), false)
#8 C:\xampp\htdocs\ci4app\public\index.php(37): CodeIgniter\CodeIgniter->run()
#9 C:\xampp\htdocs\ci4app\system\Commands\Server\rewrite.php(45): require_once('C:\\xampp\\htdocs...')
#10 {main}
CRITICAL - 2021-06-13 14:22:38 --> Undefined property: CodeIgniter\View\View::$request
#0 C:\xampp\htdocs\ci4app\app\Views\home\register.php(97): CodeIgniter\Debug\Exceptions->errorHandler(2, 'Undefined prope...', 'C:\\xampp\\htdocs...', 97)
#1 C:\xampp\htdocs\ci4app\system\View\View.php(230): include('C:\\xampp\\htdocs...')
#2 C:\xampp\htdocs\ci4app\system\View\View.php(232): CodeIgniter\View\View->CodeIgniter\View\{closure}()
#3 C:\xampp\htdocs\ci4app\system\Common.php(1271): CodeIgniter\View\View->render('home/register', Array, true)
#4 C:\xampp\htdocs\ci4app\app\Controllers\Admin\Users.php(38): view('home/register', Array)
#5 C:\xampp\htdocs\ci4app\system\CodeIgniter.php(928): App\Controllers\Admin\Users->register()
#6 C:\xampp\htdocs\ci4app\system\CodeIgniter.php(436): CodeIgniter\CodeIgniter->runController(Object(App\Controllers\Admin\Users))
#7 C:\xampp\htdocs\ci4app\system\CodeIgniter.php(336): CodeIgniter\CodeIgniter->handleRequest(NULL, Object(Config\Cache), false)
#8 C:\xampp\htdocs\ci4app\public\index.php(37): CodeIgniter\CodeIgniter->run()
#9 C:\xampp\htdocs\ci4app\system\Commands\Server\rewrite.php(45): require_once('C:\\xampp\\htdocs...')
#10 {main}
ERROR - 2021-06-13 17:08:11 --> Unknown column 'email' in 'field list'
CRITICAL - 2021-06-13 17:08:11 --> Unknown column 'email' in 'field list'
#0 C:\xampp\htdocs\ci4app\system\Database\MySQLi\Connection.php(329): mysqli->query('INSERT INTO `us...')
#1 C:\xampp\htdocs\ci4app\system\Database\BaseConnection.php(732): CodeIgniter\Database\MySQLi\Connection->execute('INSERT INTO `us...')
#2 C:\xampp\htdocs\ci4app\system\Database\BaseConnection.php(647): CodeIgniter\Database\BaseConnection->simpleQuery('INSERT INTO `us...')
#3 C:\xampp\htdocs\ci4app\system\Database\BaseBuilder.php(2277): CodeIgniter\Database\BaseConnection->query('INSERT INTO `us...', Array, false)
#4 C:\xampp\htdocs\ci4app\system\Model.php(259): CodeIgniter\Database\BaseBuilder->insert()
#5 C:\xampp\htdocs\ci4app\system\BaseModel.php(774): CodeIgniter\Model->doInsert(Array)
#6 C:\xampp\htdocs\ci4app\system\Model.php(686): CodeIgniter\BaseModel->insert(Array, false)
#7 C:\xampp\htdocs\ci4app\system\BaseModel.php(687): CodeIgniter\Model->insert(Array, false)
#8 C:\xampp\htdocs\ci4app\app\Controllers\Admin\Users.php(53): CodeIgniter\BaseModel->save(Array)
#9 C:\xampp\htdocs\ci4app\system\CodeIgniter.php(928): App\Controllers\Admin\Users->save()
#10 C:\xampp\htdocs\ci4app\system\CodeIgniter.php(436): CodeIgniter\CodeIgniter->runController(Object(App\Controllers\Admin\Users))
#11 C:\xampp\htdocs\ci4app\system\CodeIgniter.php(336): CodeIgniter\CodeIgniter->handleRequest(NULL, Object(Config\Cache), false)
#12 C:\xampp\htdocs\ci4app\public\index.php(37): CodeIgniter\CodeIgniter->run()
#13 C:\xampp\htdocs\ci4app\system\Commands\Server\rewrite.php(45): require_once('C:\\xampp\\htdocs...')
#14 {main}
CRITICAL - 2021-06-13 17:51:01 --> Invalid file: /login.php
#0 C:\xampp\htdocs\ci4app\system\View\View.php(213): CodeIgniter\Exceptions\FrameworkException::forInvalidFile('/login.php')
#1 C:\xampp\htdocs\ci4app\system\Common.php(1271): CodeIgniter\View\View->render('/login', Array, true)
#2 C:\xampp\htdocs\ci4app\app\Controllers\Admin\Users.php(54): view('/login')
#3 C:\xampp\htdocs\ci4app\system\CodeIgniter.php(928): App\Controllers\Admin\Users->save()
#4 C:\xampp\htdocs\ci4app\system\CodeIgniter.php(436): CodeIgniter\CodeIgniter->runController(Object(App\Controllers\Admin\Users))
#5 C:\xampp\htdocs\ci4app\system\CodeIgniter.php(336): CodeIgniter\CodeIgniter->handleRequest(NULL, Object(Config\Cache), false)
#6 C:\xampp\htdocs\ci4app\public\index.php(37): CodeIgniter\CodeIgniter->run()
#7 C:\xampp\htdocs\ci4app\system\Commands\Server\rewrite.php(45): require_once('C:\\xampp\\htdocs...')
#8 {main}
CRITICAL - 2021-06-13 17:51:36 --> Undefined variable $title
#0 C:\xampp\htdocs\ci4app\app\Views\layout\form.php(7): CodeIgniter\Debug\Exceptions->errorHandler(2, 'Undefined varia...', 'C:\\xampp\\htdocs...', 7)
#1 C:\xampp\htdocs\ci4app\system\View\View.php(230): include('C:\\xampp\\htdocs...')
#2 C:\xampp\htdocs\ci4app\system\View\View.php(232): CodeIgniter\View\View->CodeIgniter\View\{closure}()
#3 C:\xampp\htdocs\ci4app\system\View\View.php(246): CodeIgniter\View\View->render('layout/form', Array, true)
#4 C:\xampp\htdocs\ci4app\system\Common.php(1271): CodeIgniter\View\View->render('home/login', Array, true)
#5 C:\xampp\htdocs\ci4app\app\Controllers\Admin\Users.php(54): view('home/login')
#6 C:\xampp\htdocs\ci4app\system\CodeIgniter.php(928): App\Controllers\Admin\Users->save()
#7 C:\xampp\htdocs\ci4app\system\CodeIgniter.php(436): CodeIgniter\CodeIgniter->runController(Object(App\Controllers\Admin\Users))
#8 C:\xampp\htdocs\ci4app\system\CodeIgniter.php(336): CodeIgniter\CodeIgniter->handleRequest(NULL, Object(Config\Cache), false)
#9 C:\xampp\htdocs\ci4app\public\index.php(37): CodeIgniter\CodeIgniter->run()
#10 C:\xampp\htdocs\ci4app\system\Commands\Server\rewrite.php(45): require_once('C:\\xampp\\htdocs...')
#11 {main}
CRITICAL - 2021-06-13 18:21:59 --> syntax error, unexpected token "}", expecting ";"
#0 C:\xampp\htdocs\ci4app\system\Autoloader\Autoloader.php(273): CodeIgniter\Autoloader\Autoloader->includeFile('C:\\xampp\\htdocs...')
#1 C:\xampp\htdocs\ci4app\system\Autoloader\Autoloader.php(247): CodeIgniter\Autoloader\Autoloader->loadInNamespace('App\\Controllers...')
#2 [internal function]: CodeIgniter\Autoloader\Autoloader->loadClass('App\\Controllers...')
#3 C:\xampp\htdocs\ci4app\system\CodeIgniter.php(885): class_exists('\\App\\Controller...', true)
#4 C:\xampp\htdocs\ci4app\system\CodeIgniter.php(421): CodeIgniter\CodeIgniter->startController()
#5 C:\xampp\htdocs\ci4app\system\CodeIgniter.php(336): CodeIgniter\CodeIgniter->handleRequest(NULL, Object(Config\Cache), false)
#6 C:\xampp\htdocs\ci4app\public\index.php(37): CodeIgniter\CodeIgniter->run()
#7 C:\xampp\htdocs\ci4app\system\Commands\Server\rewrite.php(45): require_once('C:\\xampp\\htdocs...')
#8 {main}
CRITICAL - 2021-06-13 18:21:59 --> syntax error, unexpected token "}", expecting ";"
#0 C:\xampp\htdocs\ci4app\system\Autoloader\Autoloader.php(273): CodeIgniter\Autoloader\Autoloader->includeFile('C:\\xampp\\htdocs...')
#1 C:\xampp\htdocs\ci4app\system\Autoloader\Autoloader.php(247): CodeIgniter\Autoloader\Autoloader->loadInNamespace('App\\Controllers...')
#2 [internal function]: CodeIgniter\Autoloader\Autoloader->loadClass('App\\Controllers...')
#3 C:\xampp\htdocs\ci4app\system\CodeIgniter.php(885): class_exists('\\App\\Controller...', true)
#4 C:\xampp\htdocs\ci4app\system\CodeIgniter.php(421): CodeIgniter\CodeIgniter->startController()
#5 C:\xampp\htdocs\ci4app\system\CodeIgniter.php(336): CodeIgniter\CodeIgniter->handleRequest(NULL, Object(Config\Cache), false)
#6 C:\xampp\htdocs\ci4app\public\index.php(37): CodeIgniter\CodeIgniter->run()
#7 C:\xampp\htdocs\ci4app\system\Commands\Server\rewrite.php(45): require_once('C:\\xampp\\htdocs...')
#8 {main}
CRITICAL - 2021-06-13 18:21:59 --> syntax error, unexpected token "}", expecting ";"
#0 C:\xampp\htdocs\ci4app\system\Autoloader\Autoloader.php(273): CodeIgniter\Autoloader\Autoloader->includeFile('C:\\xampp\\htdocs...')
#1 C:\xampp\htdocs\ci4app\system\Autoloader\Autoloader.php(247): CodeIgniter\Autoloader\Autoloader->loadInNamespace('App\\Controllers...')
#2 [internal function]: CodeIgniter\Autoloader\Autoloader->loadClass('App\\Controllers...')
#3 C:\xampp\htdocs\ci4app\system\CodeIgniter.php(885): class_exists('\\App\\Controller...', true)
#4 C:\xampp\htdocs\ci4app\system\CodeIgniter.php(421): CodeIgniter\CodeIgniter->startController()
#5 C:\xampp\htdocs\ci4app\system\CodeIgniter.php(336): CodeIgniter\CodeIgniter->handleRequest(NULL, Object(Config\Cache), false)
#6 C:\xampp\htdocs\ci4app\public\index.php(37): CodeIgniter\CodeIgniter->run()
#7 C:\xampp\htdocs\ci4app\system\Commands\Server\rewrite.php(45): require_once('C:\\xampp\\htdocs...')
#8 {main}
CRITICAL - 2021-06-13 18:21:59 --> syntax error, unexpected token "}", expecting ";"
#0 C:\xampp\htdocs\ci4app\system\Autoloader\Autoloader.php(273): CodeIgniter\Autoloader\Autoloader->includeFile('C:\\xampp\\htdocs...')
#1 C:\xampp\htdocs\ci4app\system\Autoloader\Autoloader.php(247): CodeIgniter\Autoloader\Autoloader->loadInNamespace('App\\Controllers...')
#2 [internal function]: CodeIgniter\Autoloader\Autoloader->loadClass('App\\Controllers...')
#3 C:\xampp\htdocs\ci4app\system\CodeIgniter.php(885): class_exists('\\App\\Controller...', true)
#4 C:\xampp\htdocs\ci4app\system\CodeIgniter.php(421): CodeIgniter\CodeIgniter->startController()
#5 C:\xampp\htdocs\ci4app\system\CodeIgniter.php(336): CodeIgniter\CodeIgniter->handleRequest(NULL, Object(Config\Cache), false)
#6 C:\xampp\htdocs\ci4app\public\index.php(37): CodeIgniter\CodeIgniter->run()
#7 C:\xampp\htdocs\ci4app\system\Commands\Server\rewrite.php(45): require_once('C:\\xampp\\htdocs...')
#8 {main}
CRITICAL - 2021-06-13 18:21:59 --> syntax error, unexpected token "}", expecting ";"
#0 C:\xampp\htdocs\ci4app\system\Autoloader\Autoloader.php(273): CodeIgniter\Autoloader\Autoloader->includeFile('C:\\xampp\\htdocs...')
#1 C:\xampp\htdocs\ci4app\system\Autoloader\Autoloader.php(247): CodeIgniter\Autoloader\Autoloader->loadInNamespace('App\\Controllers...')
#2 [internal function]: CodeIgniter\Autoloader\Autoloader->loadClass('App\\Controllers...')
#3 C:\xampp\htdocs\ci4app\system\CodeIgniter.php(885): class_exists('\\App\\Controller...', true)
#4 C:\xampp\htdocs\ci4app\system\CodeIgniter.php(421): CodeIgniter\CodeIgniter->startController()
#5 C:\xampp\htdocs\ci4app\system\CodeIgniter.php(336): CodeIgniter\CodeIgniter->handleRequest(NULL, Object(Config\Cache), false)
#6 C:\xampp\htdocs\ci4app\public\index.php(37): CodeIgniter\CodeIgniter->run()
#7 C:\xampp\htdocs\ci4app\system\Commands\Server\rewrite.php(45): require_once('C:\\xampp\\htdocs...')
#8 {main}
CRITICAL - 2021-06-13 18:21:59 --> syntax error, unexpected token "}", expecting ";"
#0 C:\xampp\htdocs\ci4app\system\Autoloader\Autoloader.php(273): CodeIgniter\Autoloader\Autoloader->includeFile('C:\\xampp\\htdocs...')
#1 C:\xampp\htdocs\ci4app\system\Autoloader\Autoloader.php(247): CodeIgniter\Autoloader\Autoloader->loadInNamespace('App\\Controllers...')
#2 [internal function]: CodeIgniter\Autoloader\Autoloader->loadClass('App\\Controllers...')
#3 C:\xampp\htdocs\ci4app\system\CodeIgniter.php(885): class_exists('\\App\\Controller...', true)
#4 C:\xampp\htdocs\ci4app\system\CodeIgniter.php(421): CodeIgniter\CodeIgniter->startController()
#5 C:\xampp\htdocs\ci4app\system\CodeIgniter.php(336): CodeIgniter\CodeIgniter->handleRequest(NULL, Object(Config\Cache), false)
#6 C:\xampp\htdocs\ci4app\public\index.php(37): CodeIgniter\CodeIgniter->run()
#7 C:\xampp\htdocs\ci4app\system\Commands\Server\rewrite.php(45): require_once('C:\\xampp\\htdocs...')
#8 {main}
CRITICAL - 2021-06-13 18:22:01 --> syntax error, unexpected token "}", expecting ";"
#0 C:\xampp\htdocs\ci4app\system\Autoloader\Autoloader.php(273): CodeIgniter\Autoloader\Autoloader->includeFile('C:\\xampp\\htdocs...')
#1 C:\xampp\htdocs\ci4app\system\Autoloader\Autoloader.php(247): CodeIgniter\Autoloader\Autoloader->loadInNamespace('App\\Controllers...')
#2 [internal function]: CodeIgniter\Autoloader\Autoloader->loadClass('App\\Controllers...')
#3 C:\xampp\htdocs\ci4app\system\CodeIgniter.php(885): class_exists('\\App\\Controller...', true)
#4 C:\xampp\htdocs\ci4app\system\CodeIgniter.php(421): CodeIgniter\CodeIgniter->startController()
#5 C:\xampp\htdocs\ci4app\system\CodeIgniter.php(336): CodeIgniter\CodeIgniter->handleRequest(NULL, Object(Config\Cache), false)
#6 C:\xampp\htdocs\ci4app\public\index.php(37): CodeIgniter\CodeIgniter->run()
#7 C:\xampp\htdocs\ci4app\system\Commands\Server\rewrite.php(45): require_once('C:\\xampp\\htdocs...')
#8 {main}
CRITICAL - 2021-06-13 18:22:05 --> syntax error, unexpected token "}", expecting ";"
#0 C:\xampp\htdocs\ci4app\system\Autoloader\Autoloader.php(273): CodeIgniter\Autoloader\Autoloader->includeFile('C:\\xampp\\htdocs...')
#1 C:\xampp\htdocs\ci4app\system\Autoloader\Autoloader.php(247): CodeIgniter\Autoloader\Autoloader->loadInNamespace('App\\Controllers...')
#2 [internal function]: CodeIgniter\Autoloader\Autoloader->loadClass('App\\Controllers...')
#3 C:\xampp\htdocs\ci4app\system\CodeIgniter.php(885): class_exists('\\App\\Controller...', true)
#4 C:\xampp\htdocs\ci4app\system\CodeIgniter.php(421): CodeIgniter\CodeIgniter->startController()
#5 C:\xampp\htdocs\ci4app\system\CodeIgniter.php(336): CodeIgniter\CodeIgniter->handleRequest(NULL, Object(Config\Cache), false)
#6 C:\xampp\htdocs\ci4app\public\index.php(37): CodeIgniter\CodeIgniter->run()
#7 C:\xampp\htdocs\ci4app\system\Commands\Server\rewrite.php(45): require_once('C:\\xampp\\htdocs...')
#8 {main}
CRITICAL - 2021-06-13 18:22:16 --> Undefined variable $title
#0 C:\xampp\htdocs\ci4app\app\Views\login\login.php(7): CodeIgniter\Debug\Exceptions->errorHandler(2, 'Undefined varia...', 'C:\\xampp\\htdocs...', 7)
#1 C:\xampp\htdocs\ci4app\system\View\View.php(230): include('C:\\xampp\\htdocs...')
#2 C:\xampp\htdocs\ci4app\system\View\View.php(232): CodeIgniter\View\View->CodeIgniter\View\{closure}()
#3 C:\xampp\htdocs\ci4app\system\Common.php(1271): CodeIgniter\View\View->render('login/login', Array, true)
#4 C:\xampp\htdocs\ci4app\app\Controllers\Admin\Users.php(54): view('login/login')
#5 C:\xampp\htdocs\ci4app\system\CodeIgniter.php(928): App\Controllers\Admin\Users->save()
#6 C:\xampp\htdocs\ci4app\system\CodeIgniter.php(436): CodeIgniter\CodeIgniter->runController(Object(App\Controllers\Admin\Users))
#7 C:\xampp\htdocs\ci4app\system\CodeIgniter.php(336): CodeIgniter\CodeIgniter->handleRequest(NULL, Object(Config\Cache), false)
#8 C:\xampp\htdocs\ci4app\public\index.php(37): CodeIgniter\CodeIgniter->run()
#9 C:\xampp\htdocs\ci4app\system\Commands\Server\rewrite.php(45): require_once('C:\\xampp\\htdocs...')
#10 {main}
CRITICAL - 2021-06-13 18:22:57 --> Undefined variable $title
#0 C:\xampp\htdocs\ci4app\app\Views\login\login.php(7): CodeIgniter\Debug\Exceptions->errorHandler(2, 'Undefined varia...', 'C:\\xampp\\htdocs...', 7)
#1 C:\xampp\htdocs\ci4app\system\View\View.php(230): include('C:\\xampp\\htdocs...')
#2 C:\xampp\htdocs\ci4app\system\View\View.php(232): CodeIgniter\View\View->CodeIgniter\View\{closure}()
#3 C:\xampp\htdocs\ci4app\system\Common.php(1271): CodeIgniter\View\View->render('login/login', Array, true)
#4 C:\xampp\htdocs\ci4app\app\Controllers\Admin\Users.php(57): view('login/login')
#5 C:\xampp\htdocs\ci4app\system\CodeIgniter.php(928): App\Controllers\Admin\Users->save()
#6 C:\xampp\htdocs\ci4app\system\CodeIgniter.php(436): CodeIgniter\CodeIgniter->runController(Object(App\Controllers\Admin\Users))
#7 C:\xampp\htdocs\ci4app\system\CodeIgniter.php(336): CodeIgniter\CodeIgniter->handleRequest(NULL, Object(Config\Cache), false)
#8 C:\xampp\htdocs\ci4app\public\index.php(37): CodeIgniter\CodeIgniter->run()
#9 C:\xampp\htdocs\ci4app\system\Commands\Server\rewrite.php(45): require_once('C:\\xampp\\htdocs...')
#10 {main}
CRITICAL - 2021-06-13 18:23:05 --> Undefined variable $title
#0 C:\xampp\htdocs\ci4app\app\Views\login\login.php(7): CodeIgniter\Debug\Exceptions->errorHandler(2, 'Undefined varia...', 'C:\\xampp\\htdocs...', 7)
#1 C:\xampp\htdocs\ci4app\system\View\View.php(230): include('C:\\xampp\\htdocs...')
#2 C:\xampp\htdocs\ci4app\system\View\View.php(232): CodeIgniter\View\View->CodeIgniter\View\{closure}()
#3 C:\xampp\htdocs\ci4app\system\Common.php(1271): CodeIgniter\View\View->render('login/login', Array, true)
#4 C:\xampp\htdocs\ci4app\app\Controllers\Admin\Users.php(57): view('login/login')
#5 C:\xampp\htdocs\ci4app\system\CodeIgniter.php(928): App\Controllers\Admin\Users->save()
#6 C:\xampp\htdocs\ci4app\system\CodeIgniter.php(436): CodeIgniter\CodeIgniter->runController(Object(App\Controllers\Admin\Users))
#7 C:\xampp\htdocs\ci4app\system\CodeIgniter.php(336): CodeIgniter\CodeIgniter->handleRequest(NULL, Object(Config\Cache), false)
#8 C:\xampp\htdocs\ci4app\public\index.php(37): CodeIgniter\CodeIgniter->run()
#9 C:\xampp\htdocs\ci4app\system\Commands\Server\rewrite.php(45): require_once('C:\\xampp\\htdocs...')
#10 {main}
CRITICAL - 2021-06-13 18:55:09 --> syntax error, unexpected token "}", expecting ";"
#0 C:\xampp\htdocs\ci4app\system\Autoloader\Autoloader.php(273): CodeIgniter\Autoloader\Autoloader->includeFile('C:\\xampp\\htdocs...')
#1 C:\xampp\htdocs\ci4app\system\Autoloader\Autoloader.php(247): CodeIgniter\Autoloader\Autoloader->loadInNamespace('App\\Controllers...')
#2 [internal function]: CodeIgniter\Autoloader\Autoloader->loadClass('App\\Controllers...')
#3 C:\xampp\htdocs\ci4app\system\CodeIgniter.php(885): class_exists('\\App\\Controller...', true)
#4 C:\xampp\htdocs\ci4app\system\CodeIgniter.php(421): CodeIgniter\CodeIgniter->startController()
#5 C:\xampp\htdocs\ci4app\system\CodeIgniter.php(336): CodeIgniter\CodeIgniter->handleRequest(NULL, Object(Config\Cache), false)
#6 C:\xampp\htdocs\ci4app\public\index.php(37): CodeIgniter\CodeIgniter->run()
#7 C:\xampp\htdocs\ci4app\system\Commands\Server\rewrite.php(45): require_once('C:\\xampp\\htdocs...')
#8 {main}
CRITICAL - 2021-06-13 19:05:45 --> Undefined variable $valid0
#0 C:\xampp\htdocs\ci4app\app\Views\home\register.php(42): CodeIgniter\Debug\Exceptions->errorHandler(2, 'Undefined varia...', 'C:\\xampp\\htdocs...', 42)
#1 C:\xampp\htdocs\ci4app\system\View\View.php(230): include('C:\\xampp\\htdocs...')
#2 C:\xampp\htdocs\ci4app\system\View\View.php(232): CodeIgniter\View\View->CodeIgniter\View\{closure}()
#3 C:\xampp\htdocs\ci4app\system\Common.php(1271): CodeIgniter\View\View->render('home/register', Array, true)
#4 C:\xampp\htdocs\ci4app\app\Controllers\Admin\Users.php(40): view('home/register', Array)
#5 C:\xampp\htdocs\ci4app\system\CodeIgniter.php(928): App\Controllers\Admin\Users->register()
#6 C:\xampp\htdocs\ci4app\system\CodeIgniter.php(436): CodeIgniter\CodeIgniter->runController(Object(App\Controllers\Admin\Users))
#7 C:\xampp\htdocs\ci4app\system\CodeIgniter.php(336): CodeIgniter\CodeIgniter->handleRequest(NULL, Object(Config\Cache), false)
#8 C:\xampp\htdocs\ci4app\public\index.php(37): CodeIgniter\CodeIgniter->run()
#9 C:\xampp\htdocs\ci4app\system\Commands\Server\rewrite.php(45): require_once('C:\\xampp\\htdocs...')
#10 {main}
ERROR - 2021-06-13 19:07:26 --> Table 'products.komik' doesn't exist
CRITICAL - 2021-06-13 19:07:26 --> Table 'products.komik' doesn't exist
#0 C:\xampp\htdocs\ci4app\system\Database\MySQLi\Connection.php(329): mysqli->query('SELECT 1\nFROM `...')
#1 C:\xampp\htdocs\ci4app\system\Database\BaseConnection.php(732): CodeIgniter\Database\MySQLi\Connection->execute('SELECT 1\nFROM `...')
#2 C:\xampp\htdocs\ci4app\system\Database\BaseConnection.php(647): CodeIgniter\Database\BaseConnection->simpleQuery('SELECT 1\nFROM `...')
#3 C:\xampp\htdocs\ci4app\system\Database\BaseBuilder.php(1881): CodeIgniter\Database\BaseConnection->query('SELECT 1\nFROM `...', Array, false)
#4 C:\xampp\htdocs\ci4app\system\Validation\Rules.php(206): CodeIgniter\Database\BaseBuilder->get()
#5 C:\xampp\htdocs\ci4app\system\Validation\Validation.php(312): CodeIgniter\Validation\Rules->is_unique('fikrierha', 'username', Array, NULL)
#6 C:\xampp\htdocs\ci4app\system\Validation\Validation.php(159): CodeIgniter\Validation\Validation->processRules('username', 'username', 'fikrierha', Array, Array)
#7 C:\xampp\htdocs\ci4app\system\Controller.php(183): CodeIgniter\Validation\Validation->run()
#8 C:\xampp\htdocs\ci4app\app\Controllers\Admin\Users.php(52): CodeIgniter\Controller->validate(Array)
#9 C:\xampp\htdocs\ci4app\system\CodeIgniter.php(928): App\Controllers\Admin\Users->save()
#10 C:\xampp\htdocs\ci4app\system\CodeIgniter.php(436): CodeIgniter\CodeIgniter->runController(Object(App\Controllers\Admin\Users))
#11 C:\xampp\htdocs\ci4app\system\CodeIgniter.php(336): CodeIgniter\CodeIgniter->handleRequest(NULL, Object(Config\Cache), false)
#12 C:\xampp\htdocs\ci4app\public\index.php(37): CodeIgniter\CodeIgniter->run()
#13 C:\xampp\htdocs\ci4app\system\Commands\Server\rewrite.php(45): require_once('C:\\xampp\\htdocs...')
#14 {main}
ERROR - 2021-06-13 19:08:01 --> Table 'products.komik' doesn't exist
CRITICAL - 2021-06-13 19:08:01 --> Table 'products.komik' doesn't exist
#0 C:\xampp\htdocs\ci4app\system\Database\MySQLi\Connection.php(329): mysqli->query('SELECT 1\nFROM `...')
#1 C:\xampp\htdocs\ci4app\system\Database\BaseConnection.php(732): CodeIgniter\Database\MySQLi\Connection->execute('SELECT 1\nFROM `...')
#2 C:\xampp\htdocs\ci4app\system\Database\BaseConnection.php(647): CodeIgniter\Database\BaseConnection->simpleQuery('SELECT 1\nFROM `...')
#3 C:\xampp\htdocs\ci4app\system\Database\BaseBuilder.php(1881): CodeIgniter\Database\BaseConnection->query('SELECT 1\nFROM `...', Array, false)
#4 C:\xampp\htdocs\ci4app\system\Validation\Rules.php(206): CodeIgniter\Database\BaseBuilder->get()
#5 C:\xampp\htdocs\ci4app\system\Validation\Validation.php(312): CodeIgniter\Validation\Rules->is_unique('fikrierha', 'username', Array, NULL)
#6 C:\xampp\htdocs\ci4app\system\Validation\Validation.php(159): CodeIgniter\Validation\Validation->processRules('username', 'username', 'fikrierha', Array, Array)
#7 C:\xampp\htdocs\ci4app\system\Controller.php(183): CodeIgniter\Validation\Validation->run()
#8 C:\xampp\htdocs\ci4app\app\Controllers\Admin\Users.php(52): CodeIgniter\Controller->validate(Array)
#9 C:\xampp\htdocs\ci4app\system\CodeIgniter.php(928): App\Controllers\Admin\Users->save()
#10 C:\xampp\htdocs\ci4app\system\CodeIgniter.php(436): CodeIgniter\CodeIgniter->runController(Object(App\Controllers\Admin\Users))
#11 C:\xampp\htdocs\ci4app\system\CodeIgniter.php(336): CodeIgniter\CodeIgniter->handleRequest(NULL, Object(Config\Cache), false)
#12 C:\xampp\htdocs\ci4app\public\index.php(37): CodeIgniter\CodeIgniter->run()
#13 C:\xampp\htdocs\ci4app\system\Commands\Server\rewrite.php(45): require_once('C:\\xampp\\htdocs...')
#14 {main}
CRITICAL - 2021-06-13 19:28:41 --> Call to undefined method CodeIgniter\Validation\Validation::listError()
#0 C:\xampp\htdocs\ci4app\system\View\View.php(230): include()
#1 C:\xampp\htdocs\ci4app\system\View\View.php(232): CodeIgniter\View\View->CodeIgniter\View\{closure}()
#2 C:\xampp\htdocs\ci4app\system\Common.php(1271): CodeIgniter\View\View->render('home/register', Array, true)
#3 C:\xampp\htdocs\ci4app\app\Controllers\Admin\Users.php(40): view('home/register', Array)
#4 C:\xampp\htdocs\ci4app\system\CodeIgniter.php(928): App\Controllers\Admin\Users->register()
#5 C:\xampp\htdocs\ci4app\system\CodeIgniter.php(436): CodeIgniter\CodeIgniter->runController(Object(App\Controllers\Admin\Users))
#6 C:\xampp\htdocs\ci4app\system\CodeIgniter.php(336): CodeIgniter\CodeIgniter->handleRequest(NULL, Object(Config\Cache), false)
#7 C:\xampp\htdocs\ci4app\public\index.php(37): CodeIgniter\CodeIgniter->run()
#8 C:\xampp\htdocs\ci4app\system\Commands\Server\rewrite.php(45): require_once('C:\\xampp\\htdocs...')
#9 {main}
CRITICAL - 2021-06-13 19:28:45 --> Call to undefined method CodeIgniter\Validation\Validation::listError()
#0 C:\xampp\htdocs\ci4app\system\View\View.php(230): include()
#1 C:\xampp\htdocs\ci4app\system\View\View.php(232): CodeIgniter\View\View->CodeIgniter\View\{closure}()
#2 C:\xampp\htdocs\ci4app\system\Common.php(1271): CodeIgniter\View\View->render('home/register', Array, true)
#3 C:\xampp\htdocs\ci4app\app\Controllers\Admin\Users.php(40): view('home/register', Array)
#4 C:\xampp\htdocs\ci4app\system\CodeIgniter.php(928): App\Controllers\Admin\Users->register()
#5 C:\xampp\htdocs\ci4app\system\CodeIgniter.php(436): CodeIgniter\CodeIgniter->runController(Object(App\Controllers\Admin\Users))
#6 C:\xampp\htdocs\ci4app\system\CodeIgniter.php(336): CodeIgniter\CodeIgniter->handleRequest(NULL, Object(Config\Cache), false)
#7 C:\xampp\htdocs\ci4app\public\index.php(37): CodeIgniter\CodeIgniter->run()
#8 C:\xampp\htdocs\ci4app\system\Commands\Server\rewrite.php(45): require_once('C:\\xampp\\htdocs...')
#9 {main}
CRITICAL - 2021-06-13 21:16:56 --> Undefined variable $pesan
#0 C:\xampp\htdocs\ci4app\app\Views\home\register.php(69): CodeIgniter\Debug\Exceptions->errorHandler(2, 'Undefined varia...', 'C:\\xampp\\htdocs...', 69)
#1 C:\xampp\htdocs\ci4app\system\View\View.php(230): include('C:\\xampp\\htdocs...')
#2 C:\xampp\htdocs\ci4app\system\View\View.php(232): CodeIgniter\View\View->CodeIgniter\View\{closure}()
#3 C:\xampp\htdocs\ci4app\system\Common.php(1271): CodeIgniter\View\View->render('home/register', Array, true)
#4 C:\xampp\htdocs\ci4app\app\Controllers\Admin\Users.php(40): view('home/register', Array)
#5 C:\xampp\htdocs\ci4app\system\CodeIgniter.php(928): App\Controllers\Admin\Users->register()
#6 C:\xampp\htdocs\ci4app\system\CodeIgniter.php(436): CodeIgniter\CodeIgniter->runController(Object(App\Controllers\Admin\Users))
#7 C:\xampp\htdocs\ci4app\system\CodeIgniter.php(336): CodeIgniter\CodeIgniter->handleRequest(NULL, Object(Config\Cache), false)
#8 C:\xampp\htdocs\ci4app\public\index.php(37): CodeIgniter\CodeIgniter->run()
#9 C:\xampp\htdocs\ci4app\system\Commands\Server\rewrite.php(45): require_once('C:\\xampp\\htdocs...')
#10 {main}
CRITICAL - 2021-06-13 21:21:18 --> Undefined variable $session
#0 C:\xampp\htdocs\ci4app\app\Views\home\register.php(69): CodeIgniter\Debug\Exceptions->errorHandler(2, 'Undefined varia...', 'C:\\xampp\\htdocs...', 69)
#1 C:\xampp\htdocs\ci4app\system\View\View.php(230): include('C:\\xampp\\htdocs...')
#2 C:\xampp\htdocs\ci4app\system\View\View.php(232): CodeIgniter\View\View->CodeIgniter\View\{closure}()
#3 C:\xampp\htdocs\ci4app\system\Common.php(1271): CodeIgniter\View\View->render('home/register', Array, true)
#4 C:\xampp\htdocs\ci4app\app\Controllers\Admin\Users.php(40): view('home/register', Array)
#5 C:\xampp\htdocs\ci4app\system\CodeIgniter.php(928): App\Controllers\Admin\Users->register()
#6 C:\xampp\htdocs\ci4app\system\CodeIgniter.php(436): CodeIgniter\CodeIgniter->runController(Object(App\Controllers\Admin\Users))
#7 C:\xampp\htdocs\ci4app\system\CodeIgniter.php(336): CodeIgniter\CodeIgniter->handleRequest(NULL, Object(Config\Cache), false)
#8 C:\xampp\htdocs\ci4app\public\index.php(37): CodeIgniter\CodeIgniter->run()
#9 C:\xampp\htdocs\ci4app\system\Commands\Server\rewrite.php(45): require_once('C:\\xampp\\htdocs...')
#10 {main}
CRITICAL - 2021-06-13 21:52:13 --> Encrypter needs a starter key.
#0 C:\xampp\htdocs\ci4app\system\Encryption\Encryption.php(143): CodeIgniter\Encryption\Exceptions\EncryptionException::forNeedsStarterKey()
#1 C:\xampp\htdocs\ci4app\system\Config\Services.php(247): CodeIgniter\Encryption\Encryption->initialize(Object(Config\Encryption))
#2 C:\xampp\htdocs\ci4app\system\Config\BaseService.php(263): CodeIgniter\Config\Services::encrypter()
#3 C:\xampp\htdocs\ci4app\app\Controllers\Admin\Users.php(67): CodeIgniter\Config\BaseService::__callStatic('encrypter', Array)
#4 C:\xampp\htdocs\ci4app\system\CodeIgniter.php(928): App\Controllers\Admin\Users->save()
#5 C:\xampp\htdocs\ci4app\system\CodeIgniter.php(436): CodeIgniter\CodeIgniter->runController(Object(App\Controllers\Admin\Users))
#6 C:\xampp\htdocs\ci4app\system\CodeIgniter.php(336): CodeIgniter\CodeIgniter->handleRequest(NULL, Object(Config\Cache), false)
#7 C:\xampp\htdocs\ci4app\public\index.php(37): CodeIgniter\CodeIgniter->run()
#8 C:\xampp\htdocs\ci4app\system\Commands\Server\rewrite.php(45): require_once('C:\\xampp\\htdocs...')
#9 {main}
CRITICAL - 2021-06-13 21:56:38 --> Cannot access offset of type string on string
#0 C:\xampp\htdocs\ci4app\system\CodeIgniter.php(928): App\Controllers\Admin\Users->save()
#1 C:\xampp\htdocs\ci4app\system\CodeIgniter.php(436): CodeIgniter\CodeIgniter->runController(Object(App\Controllers\Admin\Users))
#2 C:\xampp\htdocs\ci4app\system\CodeIgniter.php(336): CodeIgniter\CodeIgniter->handleRequest(NULL, Object(Config\Cache), false)
#3 C:\xampp\htdocs\ci4app\public\index.php(37): CodeIgniter\CodeIgniter->run()
#4 C:\xampp\htdocs\ci4app\system\Commands\Server\rewrite.php(45): require_once('C:\\xampp\\htdocs...')
#5 {main}
CRITICAL - 2021-06-13 22:13:21 --> Undefined variable $valid
#0 C:\xampp\htdocs\ci4app\app\Views\home\login.php(35): CodeIgniter\Debug\Exceptions->errorHandler(2, 'Undefined varia...', 'C:\\xampp\\htdocs...', 35)
#1 C:\xampp\htdocs\ci4app\system\View\View.php(230): include('C:\\xampp\\htdocs...')
#2 C:\xampp\htdocs\ci4app\system\View\View.php(232): CodeIgniter\View\View->CodeIgniter\View\{closure}()
#3 C:\xampp\htdocs\ci4app\system\Common.php(1271): CodeIgniter\View\View->render('home/login', Array, true)
#4 C:\xampp\htdocs\ci4app\app\Controllers\Home.php(12): view('home/login', Array)
#5 C:\xampp\htdocs\ci4app\system\CodeIgniter.php(928): App\Controllers\Home->index()
#6 C:\xampp\htdocs\ci4app\system\CodeIgniter.php(436): CodeIgniter\CodeIgniter->runController(Object(App\Controllers\Home))
#7 C:\xampp\htdocs\ci4app\system\CodeIgniter.php(336): CodeIgniter\CodeIgniter->handleRequest(NULL, Object(Config\Cache), false)
#8 C:\xampp\htdocs\ci4app\public\index.php(37): CodeIgniter\CodeIgniter->run()
#9 C:\xampp\htdocs\ci4app\system\Commands\Server\rewrite.php(45): require_once('C:\\xampp\\htdocs...')
#10 {main}
CRITICAL - 2021-06-13 22:14:19 --> Undefined variable $valid
#0 C:\xampp\htdocs\ci4app\app\Views\home\login.php(35): CodeIgniter\Debug\Exceptions->errorHandler(2, 'Undefined varia...', 'C:\\xampp\\htdocs...', 35)
#1 C:\xampp\htdocs\ci4app\system\View\View.php(230): include('C:\\xampp\\htdocs...')
#2 C:\xampp\htdocs\ci4app\system\View\View.php(232): CodeIgniter\View\View->CodeIgniter\View\{closure}()
#3 C:\xampp\htdocs\ci4app\system\Common.php(1271): CodeIgniter\View\View->render('home/login', Array, true)
#4 C:\xampp\htdocs\ci4app\app\Controllers\Home.php(12): view('home/login', Array)
#5 C:\xampp\htdocs\ci4app\system\CodeIgniter.php(928): App\Controllers\Home->index()
#6 C:\xampp\htdocs\ci4app\system\CodeIgniter.php(436): CodeIgniter\CodeIgniter->runController(Object(App\Controllers\Home))
#7 C:\xampp\htdocs\ci4app\system\CodeIgniter.php(336): CodeIgniter\CodeIgniter->handleRequest(NULL, Object(Config\Cache), false)
#8 C:\xampp\htdocs\ci4app\public\index.php(37): CodeIgniter\CodeIgniter->run()
#9 C:\xampp\htdocs\ci4app\system\Commands\Server\rewrite.php(45): require_once('C:\\xampp\\htdocs...')
#10 {main}
CRITICAL - 2021-06-13 22:14:21 --> Undefined variable $valid
#0 C:\xampp\htdocs\ci4app\app\Views\home\login.php(35): CodeIgniter\Debug\Exceptions->errorHandler(2, 'Undefined varia...', 'C:\\xampp\\htdocs...', 35)
#1 C:\xampp\htdocs\ci4app\system\View\View.php(230): include('C:\\xampp\\htdocs...')
#2 C:\xampp\htdocs\ci4app\system\View\View.php(232): CodeIgniter\View\View->CodeIgniter\View\{closure}()
#3 C:\xampp\htdocs\ci4app\system\Common.php(1271): CodeIgniter\View\View->render('home/login', Array, true)
#4 C:\xampp\htdocs\ci4app\app\Controllers\Home.php(12): view('home/login', Array)
#5 C:\xampp\htdocs\ci4app\system\CodeIgniter.php(928): App\Controllers\Home->index()
#6 C:\xampp\htdocs\ci4app\system\CodeIgniter.php(436): CodeIgniter\CodeIgniter->runController(Object(App\Controllers\Home))
#7 C:\xampp\htdocs\ci4app\system\CodeIgniter.php(336): CodeIgniter\CodeIgniter->handleRequest(NULL, Object(Config\Cache), false)
#8 C:\xampp\htdocs\ci4app\public\index.php(37): CodeIgniter\CodeIgniter->run()
#9 C:\xampp\htdocs\ci4app\system\Commands\Server\rewrite.php(45): require_once('C:\\xampp\\htdocs...')
#10 {main}
CRITICAL - 2021-06-13 22:15:16 --> Undefined variable $valid
#0 C:\xampp\htdocs\ci4app\app\Views\home\login.php(35): CodeIgniter\Debug\Exceptions->errorHandler(2, 'Undefined varia...', 'C:\\xampp\\htdocs...', 35)
#1 C:\xampp\htdocs\ci4app\system\View\View.php(230): include('C:\\xampp\\htdocs...')
#2 C:\xampp\htdocs\ci4app\system\View\View.php(232): CodeIgniter\View\View->CodeIgniter\View\{closure}()
#3 C:\xampp\htdocs\ci4app\system\Common.php(1271): CodeIgniter\View\View->render('home/login', Array, true)
#4 C:\xampp\htdocs\ci4app\app\Controllers\Home.php(12): view('home/login', Array)
#5 C:\xampp\htdocs\ci4app\system\CodeIgniter.php(928): App\Controllers\Home->index()
#6 C:\xampp\htdocs\ci4app\system\CodeIgniter.php(436): CodeIgniter\CodeIgniter->runController(Object(App\Controllers\Home))
#7 C:\xampp\htdocs\ci4app\system\CodeIgniter.php(336): CodeIgniter\CodeIgniter->handleRequest(NULL, Object(Config\Cache), false)
#8 C:\xampp\htdocs\ci4app\public\index.php(37): CodeIgniter\CodeIgniter->run()
#9 C:\xampp\htdocs\ci4app\system\Commands\Server\rewrite.php(45): require_once('C:\\xampp\\htdocs...')
#10 {main}
CRITICAL - 2021-06-13 22:16:27 --> Undefined variable $valid
#0 C:\xampp\htdocs\ci4app\app\Views\home\login.php(35): CodeIgniter\Debug\Exceptions->errorHandler(2, 'Undefined varia...', 'C:\\xampp\\htdocs...', 35)
#1 C:\xampp\htdocs\ci4app\system\View\View.php(230): include('C:\\xampp\\htdocs...')
#2 C:\xampp\htdocs\ci4app\system\View\View.php(232): CodeIgniter\View\View->CodeIgniter\View\{closure}()
#3 C:\xampp\htdocs\ci4app\system\Common.php(1271): CodeIgniter\View\View->render('home/login', Array, true)
#4 C:\xampp\htdocs\ci4app\app\Controllers\Home.php(12): view('home/login', Array)
#5 C:\xampp\htdocs\ci4app\system\CodeIgniter.php(928): App\Controllers\Home->index()
#6 C:\xampp\htdocs\ci4app\system\CodeIgniter.php(436): CodeIgniter\CodeIgniter->runController(Object(App\Controllers\Home))
#7 C:\xampp\htdocs\ci4app\system\CodeIgniter.php(336): CodeIgniter\CodeIgniter->handleRequest(NULL, Object(Config\Cache), false)
#8 C:\xampp\htdocs\ci4app\public\index.php(37): CodeIgniter\CodeIgniter->run()
#9 C:\xampp\htdocs\ci4app\system\Commands\Server\rewrite.php(45): require_once('C:\\xampp\\htdocs...')
#10 {main}
CRITICAL - 2021-06-13 22:16:35 --> Undefined variable $valid
#0 C:\xampp\htdocs\ci4app\app\Views\home\login.php(35): CodeIgniter\Debug\Exceptions->errorHandler(2, 'Undefined varia...', 'C:\\xampp\\htdocs...', 35)
#1 C:\xampp\htdocs\ci4app\system\View\View.php(230): include('C:\\xampp\\htdocs...')
#2 C:\xampp\htdocs\ci4app\system\View\View.php(232): CodeIgniter\View\View->CodeIgniter\View\{closure}()
#3 C:\xampp\htdocs\ci4app\system\Common.php(1271): CodeIgniter\View\View->render('home/login', Array, true)
#4 C:\xampp\htdocs\ci4app\app\Controllers\Home.php(12): view('home/login', Array)
#5 C:\xampp\htdocs\ci4app\system\CodeIgniter.php(928): App\Controllers\Home->index()
#6 C:\xampp\htdocs\ci4app\system\CodeIgniter.php(436): CodeIgniter\CodeIgniter->runController(Object(App\Controllers\Home))
#7 C:\xampp\htdocs\ci4app\system\CodeIgniter.php(336): CodeIgniter\CodeIgniter->handleRequest(NULL, Object(Config\Cache), false)
#8 C:\xampp\htdocs\ci4app\public\index.php(37): CodeIgniter\CodeIgniter->run()
#9 C:\xampp\htdocs\ci4app\system\Commands\Server\rewrite.php(45): require_once('C:\\xampp\\htdocs...')
#10 {main}
CRITICAL - 2021-06-13 22:16:36 --> Undefined variable $valid
#0 C:\xampp\htdocs\ci4app\app\Views\home\login.php(35): CodeIgniter\Debug\Exceptions->errorHandler(2, 'Undefined varia...', 'C:\\xampp\\htdocs...', 35)
#1 C:\xampp\htdocs\ci4app\system\View\View.php(230): include('C:\\xampp\\htdocs...')
#2 C:\xampp\htdocs\ci4app\system\View\View.php(232): CodeIgniter\View\View->CodeIgniter\View\{closure}()
#3 C:\xampp\htdocs\ci4app\system\Common.php(1271): CodeIgniter\View\View->render('home/login', Array, true)
#4 C:\xampp\htdocs\ci4app\app\Controllers\Home.php(12): view('home/login', Array)
#5 C:\xampp\htdocs\ci4app\system\CodeIgniter.php(928): App\Controllers\Home->index()
#6 C:\xampp\htdocs\ci4app\system\CodeIgniter.php(436): CodeIgniter\CodeIgniter->runController(Object(App\Controllers\Home))
#7 C:\xampp\htdocs\ci4app\system\CodeIgniter.php(336): CodeIgniter\CodeIgniter->handleRequest(NULL, Object(Config\Cache), false)
#8 C:\xampp\htdocs\ci4app\public\index.php(37): CodeIgniter\CodeIgniter->run()
#9 C:\xampp\htdocs\ci4app\system\Commands\Server\rewrite.php(45): require_once('C:\\xampp\\htdocs...')
#10 {main}
CRITICAL - 2021-06-13 22:16:37 --> Undefined variable $valid
#0 C:\xampp\htdocs\ci4app\app\Views\home\login.php(35): CodeIgniter\Debug\Exceptions->errorHandler(2, 'Undefined varia...', 'C:\\xampp\\htdocs...', 35)
#1 C:\xampp\htdocs\ci4app\system\View\View.php(230): include('C:\\xampp\\htdocs...')
#2 C:\xampp\htdocs\ci4app\system\View\View.php(232): CodeIgniter\View\View->CodeIgniter\View\{closure}()
#3 C:\xampp\htdocs\ci4app\system\Common.php(1271): CodeIgniter\View\View->render('home/login', Array, true)
#4 C:\xampp\htdocs\ci4app\app\Controllers\Home.php(12): view('home/login', Array)
#5 C:\xampp\htdocs\ci4app\system\CodeIgniter.php(928): App\Controllers\Home->index()
#6 C:\xampp\htdocs\ci4app\system\CodeIgniter.php(436): CodeIgniter\CodeIgniter->runController(Object(App\Controllers\Home))
#7 C:\xampp\htdocs\ci4app\system\CodeIgniter.php(336): CodeIgniter\CodeIgniter->handleRequest(NULL, Object(Config\Cache), false)
#8 C:\xampp\htdocs\ci4app\public\index.php(37): CodeIgniter\CodeIgniter->run()
#9 C:\xampp\htdocs\ci4app\system\Commands\Server\rewrite.php(45): require_once('C:\\xampp\\htdocs...')
#10 {main}
CRITICAL - 2021-06-13 22:17:32 --> Undefined variable $valid
#0 C:\xampp\htdocs\ci4app\app\Views\home\login.php(35): CodeIgniter\Debug\Exceptions->errorHandler(2, 'Undefined varia...', 'C:\\xampp\\htdocs...', 35)
#1 C:\xampp\htdocs\ci4app\system\View\View.php(230): include('C:\\xampp\\htdocs...')
#2 C:\xampp\htdocs\ci4app\system\View\View.php(232): CodeIgniter\View\View->CodeIgniter\View\{closure}()
#3 C:\xampp\htdocs\ci4app\system\Common.php(1271): CodeIgniter\View\View->render('home/login', Array, true)
#4 C:\xampp\htdocs\ci4app\app\Controllers\Home.php(12): view('home/login', Array)
#5 C:\xampp\htdocs\ci4app\system\CodeIgniter.php(928): App\Controllers\Home->index()
#6 C:\xampp\htdocs\ci4app\system\CodeIgniter.php(436): CodeIgniter\CodeIgniter->runController(Object(App\Controllers\Home))
#7 C:\xampp\htdocs\ci4app\system\CodeIgniter.php(336): CodeIgniter\CodeIgniter->handleRequest(NULL, Object(Config\Cache), false)
#8 C:\xampp\htdocs\ci4app\public\index.php(37): CodeIgniter\CodeIgniter->run()
#9 C:\xampp\htdocs\ci4app\system\Commands\Server\rewrite.php(45): require_once('C:\\xampp\\htdocs...')
#10 {main}
CRITICAL - 2021-06-13 22:17:35 --> Undefined variable $valid
#0 C:\xampp\htdocs\ci4app\app\Views\home\login.php(35): CodeIgniter\Debug\Exceptions->errorHandler(2, 'Undefined varia...', 'C:\\xampp\\htdocs...', 35)
#1 C:\xampp\htdocs\ci4app\system\View\View.php(230): include('C:\\xampp\\htdocs...')
#2 C:\xampp\htdocs\ci4app\system\View\View.php(232): CodeIgniter\View\View->CodeIgniter\View\{closure}()
#3 C:\xampp\htdocs\ci4app\system\Common.php(1271): CodeIgniter\View\View->render('home/login', Array, true)
#4 C:\xampp\htdocs\ci4app\app\Controllers\Home.php(12): view('home/login', Array)
#5 C:\xampp\htdocs\ci4app\system\CodeIgniter.php(928): App\Controllers\Home->index()
#6 C:\xampp\htdocs\ci4app\system\CodeIgniter.php(436): CodeIgniter\CodeIgniter->runController(Object(App\Controllers\Home))
#7 C:\xampp\htdocs\ci4app\system\CodeIgniter.php(336): CodeIgniter\CodeIgniter->handleRequest(NULL, Object(Config\Cache), false)
#8 C:\xampp\htdocs\ci4app\public\index.php(37): CodeIgniter\CodeIgniter->run()
#9 C:\xampp\htdocs\ci4app\system\Commands\Server\rewrite.php(45): require_once('C:\\xampp\\htdocs...')
#10 {main}
CRITICAL - 2021-06-13 22:18:11 --> Undefined variable $valid
#0 C:\xampp\htdocs\ci4app\app\Views\home\login.php(35): CodeIgniter\Debug\Exceptions->errorHandler(2, 'Undefined varia...', 'C:\\xampp\\htdocs...', 35)
#1 C:\xampp\htdocs\ci4app\system\View\View.php(230): include('C:\\xampp\\htdocs...')
#2 C:\xampp\htdocs\ci4app\system\View\View.php(232): CodeIgniter\View\View->CodeIgniter\View\{closure}()
#3 C:\xampp\htdocs\ci4app\system\Common.php(1271): CodeIgniter\View\View->render('home/login', Array, true)
#4 C:\xampp\htdocs\ci4app\app\Controllers\Home.php(12): view('home/login', Array)
#5 C:\xampp\htdocs\ci4app\system\CodeIgniter.php(928): App\Controllers\Home->index()
#6 C:\xampp\htdocs\ci4app\system\CodeIgniter.php(436): CodeIgniter\CodeIgniter->runController(Object(App\Controllers\Home))
#7 C:\xampp\htdocs\ci4app\system\CodeIgniter.php(336): CodeIgniter\CodeIgniter->handleRequest(NULL, Object(Config\Cache), false)
#8 C:\xampp\htdocs\ci4app\public\index.php(37): CodeIgniter\CodeIgniter->run()
#9 C:\xampp\htdocs\ci4app\system\Commands\Server\rewrite.php(45): require_once('C:\\xampp\\htdocs...')
#10 {main}
CRITICAL - 2021-06-13 22:18:38 --> Undefined variable $valid
#0 C:\xampp\htdocs\ci4app\app\Views\home\login.php(35): CodeIgniter\Debug\Exceptions->errorHandler(2, 'Undefined varia...', 'C:\\xampp\\htdocs...', 35)
#1 C:\xampp\htdocs\ci4app\system\View\View.php(230): include('C:\\xampp\\htdocs...')
#2 C:\xampp\htdocs\ci4app\system\View\View.php(232): CodeIgniter\View\View->CodeIgniter\View\{closure}()
#3 C:\xampp\htdocs\ci4app\system\Common.php(1271): CodeIgniter\View\View->render('home/login', Array, true)
#4 C:\xampp\htdocs\ci4app\app\Controllers\Home.php(12): view('home/login', Array)
#5 C:\xampp\htdocs\ci4app\system\CodeIgniter.php(928): App\Controllers\Home->index()
#6 C:\xampp\htdocs\ci4app\system\CodeIgniter.php(436): CodeIgniter\CodeIgniter->runController(Object(App\Controllers\Home))
#7 C:\xampp\htdocs\ci4app\system\CodeIgniter.php(336): CodeIgniter\CodeIgniter->handleRequest(NULL, Object(Config\Cache), false)
#8 C:\xampp\htdocs\ci4app\public\index.php(37): CodeIgniter\CodeIgniter->run()
#9 C:\xampp\htdocs\ci4app\system\Commands\Server\rewrite.php(45): require_once('C:\\xampp\\htdocs...')
#10 {main}
CRITICAL - 2021-06-13 22:19:13 --> Undefined variable $valid
#0 C:\xampp\htdocs\ci4app\app\Views\home\login.php(35): CodeIgniter\Debug\Exceptions->errorHandler(2, 'Undefined varia...', 'C:\\xampp\\htdocs...', 35)
#1 C:\xampp\htdocs\ci4app\system\View\View.php(230): include('C:\\xampp\\htdocs...')
#2 C:\xampp\htdocs\ci4app\system\View\View.php(232): CodeIgniter\View\View->CodeIgniter\View\{closure}()
#3 C:\xampp\htdocs\ci4app\system\Common.php(1271): CodeIgniter\View\View->render('home/login', Array, true)
#4 C:\xampp\htdocs\ci4app\app\Controllers\Home.php(12): view('home/login', Array)
#5 C:\xampp\htdocs\ci4app\system\CodeIgniter.php(928): App\Controllers\Home->index()
#6 C:\xampp\htdocs\ci4app\system\CodeIgniter.php(436): CodeIgniter\CodeIgniter->runController(Object(App\Controllers\Home))
#7 C:\xampp\htdocs\ci4app\system\CodeIgniter.php(336): CodeIgniter\CodeIgniter->handleRequest(NULL, Object(Config\Cache), false)
#8 C:\xampp\htdocs\ci4app\public\index.php(37): CodeIgniter\CodeIgniter->run()
#9 C:\xampp\htdocs\ci4app\system\Commands\Server\rewrite.php(45): require_once('C:\\xampp\\htdocs...')
#10 {main}
CRITICAL - 2021-06-13 22:21:31 --> Undefined variable $valid
#0 C:\xampp\htdocs\ci4app\app\Views\home\login.php(35): CodeIgniter\Debug\Exceptions->errorHandler(2, 'Undefined varia...', 'C:\\xampp\\htdocs...', 35)
#1 C:\xampp\htdocs\ci4app\system\View\View.php(230): include('C:\\xampp\\htdocs...')
#2 C:\xampp\htdocs\ci4app\system\View\View.php(232): CodeIgniter\View\View->CodeIgniter\View\{closure}()
#3 C:\xampp\htdocs\ci4app\system\Common.php(1271): CodeIgniter\View\View->render('home/login', Array, true)
#4 C:\xampp\htdocs\ci4app\app\Controllers\Home.php(12): view('home/login', Array)
#5 C:\xampp\htdocs\ci4app\system\CodeIgniter.php(928): App\Controllers\Home->index()
#6 C:\xampp\htdocs\ci4app\system\CodeIgniter.php(436): CodeIgniter\CodeIgniter->runController(Object(App\Controllers\Home))
#7 C:\xampp\htdocs\ci4app\system\CodeIgniter.php(336): CodeIgniter\CodeIgniter->handleRequest(NULL, Object(Config\Cache), false)
#8 C:\xampp\htdocs\ci4app\public\index.php(37): CodeIgniter\CodeIgniter->run()
#9 C:\xampp\htdocs\ci4app\system\Commands\Server\rewrite.php(45): require_once('C:\\xampp\\htdocs...')
#10 {main}
CRITICAL - 2021-06-13 22:21:33 --> Undefined variable $valid
#0 C:\xampp\htdocs\ci4app\app\Views\home\login.php(35): CodeIgniter\Debug\Exceptions->errorHandler(2, 'Undefined varia...', 'C:\\xampp\\htdocs...', 35)
#1 C:\xampp\htdocs\ci4app\system\View\View.php(230): include('C:\\xampp\\htdocs...')
#2 C:\xampp\htdocs\ci4app\system\View\View.php(232): CodeIgniter\View\View->CodeIgniter\View\{closure}()
#3 C:\xampp\htdocs\ci4app\system\Common.php(1271): CodeIgniter\View\View->render('home/login', Array, true)
#4 C:\xampp\htdocs\ci4app\app\Controllers\Home.php(12): view('home/login', Array)
#5 C:\xampp\htdocs\ci4app\system\CodeIgniter.php(928): App\Controllers\Home->index()
#6 C:\xampp\htdocs\ci4app\system\CodeIgniter.php(436): CodeIgniter\CodeIgniter->runController(Object(App\Controllers\Home))
#7 C:\xampp\htdocs\ci4app\system\CodeIgniter.php(336): CodeIgniter\CodeIgniter->handleRequest(NULL, Object(Config\Cache), false)
#8 C:\xampp\htdocs\ci4app\public\index.php(37): CodeIgniter\CodeIgniter->run()
#9 C:\xampp\htdocs\ci4app\system\Commands\Server\rewrite.php(45): require_once('C:\\xampp\\htdocs...')
#10 {main}
CRITICAL - 2021-06-13 22:22:38 --> Undefined variable $valid
#0 C:\xampp\htdocs\ci4app\app\Views\home\login.php(35): CodeIgniter\Debug\Exceptions->errorHandler(2, 'Undefined varia...', 'C:\\xampp\\htdocs...', 35)
#1 C:\xampp\htdocs\ci4app\system\View\View.php(230): include('C:\\xampp\\htdocs...')
#2 C:\xampp\htdocs\ci4app\system\View\View.php(232): CodeIgniter\View\View->CodeIgniter\View\{closure}()
#3 C:\xampp\htdocs\ci4app\system\Common.php(1271): CodeIgniter\View\View->render('home/login', Array, true)
#4 C:\xampp\htdocs\ci4app\app\Controllers\Home.php(12): view('home/login', Array)
#5 C:\xampp\htdocs\ci4app\system\CodeIgniter.php(928): App\Controllers\Home->index()
#6 C:\xampp\htdocs\ci4app\system\CodeIgniter.php(436): CodeIgniter\CodeIgniter->runController(Object(App\Controllers\Home))
#7 C:\xampp\htdocs\ci4app\system\CodeIgniter.php(336): CodeIgniter\CodeIgniter->handleRequest(NULL, Object(Config\Cache), false)
#8 C:\xampp\htdocs\ci4app\public\index.php(37): CodeIgniter\CodeIgniter->run()
#9 C:\xampp\htdocs\ci4app\system\Commands\Server\rewrite.php(45): require_once('C:\\xampp\\htdocs...')
#10 {main}
CRITICAL - 2021-06-13 22:22:40 --> Undefined variable $valid
#0 C:\xampp\htdocs\ci4app\app\Views\home\login.php(35): CodeIgniter\Debug\Exceptions->errorHandler(2, 'Undefined varia...', 'C:\\xampp\\htdocs...', 35)
#1 C:\xampp\htdocs\ci4app\system\View\View.php(230): include('C:\\xampp\\htdocs...')
#2 C:\xampp\htdocs\ci4app\system\View\View.php(232): CodeIgniter\View\View->CodeIgniter\View\{closure}()
#3 C:\xampp\htdocs\ci4app\system\Common.php(1271): CodeIgniter\View\View->render('home/login', Array, true)
#4 C:\xampp\htdocs\ci4app\app\Controllers\Home.php(12): view('home/login', Array)
#5 C:\xampp\htdocs\ci4app\system\CodeIgniter.php(928): App\Controllers\Home->index()
#6 C:\xampp\htdocs\ci4app\system\CodeIgniter.php(436): CodeIgniter\CodeIgniter->runController(Object(App\Controllers\Home))
#7 C:\xampp\htdocs\ci4app\system\CodeIgniter.php(336): CodeIgniter\CodeIgniter->handleRequest(NULL, Object(Config\Cache), false)
#8 C:\xampp\htdocs\ci4app\public\index.php(37): CodeIgniter\CodeIgniter->run()
#9 C:\xampp\htdocs\ci4app\system\Commands\Server\rewrite.php(45): require_once('C:\\xampp\\htdocs...')
#10 {main}
CRITICAL - 2021-06-13 22:26:52 --> Undefined variable $valid
#0 C:\xampp\htdocs\ci4app\app\Views\home\login.php(35): CodeIgniter\Debug\Exceptions->errorHandler(2, 'Undefined varia...', 'C:\\xampp\\htdocs...', 35)
#1 C:\xampp\htdocs\ci4app\system\View\View.php(230): include('C:\\xampp\\htdocs...')
#2 C:\xampp\htdocs\ci4app\system\View\View.php(232): CodeIgniter\View\View->CodeIgniter\View\{closure}()
#3 C:\xampp\htdocs\ci4app\system\Common.php(1271): CodeIgniter\View\View->render('home/login', Array, true)
#4 C:\xampp\htdocs\ci4app\app\Controllers\Home.php(12): view('home/login', Array)
#5 C:\xampp\htdocs\ci4app\system\CodeIgniter.php(928): App\Controllers\Home->index()
#6 C:\xampp\htdocs\ci4app\system\CodeIgniter.php(436): CodeIgniter\CodeIgniter->runController(Object(App\Controllers\Home))
#7 C:\xampp\htdocs\ci4app\system\CodeIgniter.php(336): CodeIgniter\CodeIgniter->handleRequest(NULL, Object(Config\Cache), false)
#8 C:\xampp\htdocs\ci4app\public\index.php(37): CodeIgniter\CodeIgniter->run()
#9 C:\xampp\htdocs\ci4app\system\Commands\Server\rewrite.php(45): require_once('C:\\xampp\\htdocs...')
#10 {main}
CRITICAL - 2021-06-13 22:26:56 --> Undefined variable $valid
#0 C:\xampp\htdocs\ci4app\app\Views\home\login.php(35): CodeIgniter\Debug\Exceptions->errorHandler(2, 'Undefined varia...', 'C:\\xampp\\htdocs...', 35)
#1 C:\xampp\htdocs\ci4app\system\View\View.php(230): include('C:\\xampp\\htdocs...')
#2 C:\xampp\htdocs\ci4app\system\View\View.php(232): CodeIgniter\View\View->CodeIgniter\View\{closure}()
#3 C:\xampp\htdocs\ci4app\system\Common.php(1271): CodeIgniter\View\View->render('home/login', Array, true)
#4 C:\xampp\htdocs\ci4app\app\Controllers\Home.php(12): view('home/login', Array)
#5 C:\xampp\htdocs\ci4app\system\CodeIgniter.php(928): App\Controllers\Home->index()
#6 C:\xampp\htdocs\ci4app\system\CodeIgniter.php(436): CodeIgniter\CodeIgniter->runController(Object(App\Controllers\Home))
#7 C:\xampp\htdocs\ci4app\system\CodeIgniter.php(336): CodeIgniter\CodeIgniter->handleRequest(NULL, Object(Config\Cache), false)
#8 C:\xampp\htdocs\ci4app\public\index.php(37): CodeIgniter\CodeIgniter->run()
#9 C:\xampp\htdocs\ci4app\system\Commands\Server\rewrite.php(45): require_once('C:\\xampp\\htdocs...')
#10 {main}
CRITICAL - 2021-06-13 22:27:20 --> Undefined variable $valid
#0 C:\xampp\htdocs\ci4app\app\Views\home\login.php(35): CodeIgniter\Debug\Exceptions->errorHandler(2, 'Undefined varia...', 'C:\\xampp\\htdocs...', 35)
#1 C:\xampp\htdocs\ci4app\system\View\View.php(230): include('C:\\xampp\\htdocs...')
#2 C:\xampp\htdocs\ci4app\system\View\View.php(232): CodeIgniter\View\View->CodeIgniter\View\{closure}()
#3 C:\xampp\htdocs\ci4app\system\Common.php(1271): CodeIgniter\View\View->render('home/login', Array, true)
#4 C:\xampp\htdocs\ci4app\app\Controllers\Home.php(12): view('home/login', Array)
#5 C:\xampp\htdocs\ci4app\system\CodeIgniter.php(928): App\Controllers\Home->index()
#6 C:\xampp\htdocs\ci4app\system\CodeIgniter.php(436): CodeIgniter\CodeIgniter->runController(Object(App\Controllers\Home))
#7 C:\xampp\htdocs\ci4app\system\CodeIgniter.php(336): CodeIgniter\CodeIgniter->handleRequest(NULL, Object(Config\Cache), false)
#8 C:\xampp\htdocs\ci4app\public\index.php(37): CodeIgniter\CodeIgniter->run()
#9 C:\xampp\htdocs\ci4app\system\Commands\Server\rewrite.php(45): require_once('C:\\xampp\\htdocs...')
#10 {main}
CRITICAL - 2021-06-13 22:28:32 --> Undefined variable $csrf_field
#0 C:\xampp\htdocs\ci4app\app\Views\home\login.php(33): CodeIgniter\Debug\Exceptions->errorHandler(2, 'Undefined varia...', 'C:\\xampp\\htdocs...', 33)
#1 C:\xampp\htdocs\ci4app\system\View\View.php(230): include('C:\\xampp\\htdocs...')
#2 C:\xampp\htdocs\ci4app\system\View\View.php(232): CodeIgniter\View\View->CodeIgniter\View\{closure}()
#3 C:\xampp\htdocs\ci4app\system\Common.php(1271): CodeIgniter\View\View->render('home/login', Array, true)
#4 C:\xampp\htdocs\ci4app\app\Controllers\Home.php(12): view('home/login', Array)
#5 C:\xampp\htdocs\ci4app\system\CodeIgniter.php(928): App\Controllers\Home->index()
#6 C:\xampp\htdocs\ci4app\system\CodeIgniter.php(436): CodeIgniter\CodeIgniter->runController(Object(App\Controllers\Home))
#7 C:\xampp\htdocs\ci4app\system\CodeIgniter.php(336): CodeIgniter\CodeIgniter->handleRequest(NULL, Object(Config\Cache), false)
#8 C:\xampp\htdocs\ci4app\public\index.php(37): CodeIgniter\CodeIgniter->run()
#9 C:\xampp\htdocs\ci4app\system\Commands\Server\rewrite.php(45): require_once('C:\\xampp\\htdocs...')
#10 {main}
CRITICAL - 2021-06-13 22:28:34 --> Undefined variable $csrf_field
#0 C:\xampp\htdocs\ci4app\app\Views\home\login.php(33): CodeIgniter\Debug\Exceptions->errorHandler(2, 'Undefined varia...', 'C:\\xampp\\htdocs...', 33)
#1 C:\xampp\htdocs\ci4app\system\View\View.php(230): include('C:\\xampp\\htdocs...')
#2 C:\xampp\htdocs\ci4app\system\View\View.php(232): CodeIgniter\View\View->CodeIgniter\View\{closure}()
#3 C:\xampp\htdocs\ci4app\system\Common.php(1271): CodeIgniter\View\View->render('home/login', Array, true)
#4 C:\xampp\htdocs\ci4app\app\Controllers\Home.php(12): view('home/login', Array)
#5 C:\xampp\htdocs\ci4app\system\CodeIgniter.php(928): App\Controllers\Home->index()
#6 C:\xampp\htdocs\ci4app\system\CodeIgniter.php(436): CodeIgniter\CodeIgniter->runController(Object(App\Controllers\Home))
#7 C:\xampp\htdocs\ci4app\system\CodeIgniter.php(336): CodeIgniter\CodeIgniter->handleRequest(NULL, Object(Config\Cache), false)
#8 C:\xampp\htdocs\ci4app\public\index.php(37): CodeIgniter\CodeIgniter->run()
#9 C:\xampp\htdocs\ci4app\system\Commands\Server\rewrite.php(45): require_once('C:\\xampp\\htdocs...')
#10 {main}
CRITICAL - 2021-06-13 22:28:35 --> Undefined variable $csrf_field
#0 C:\xampp\htdocs\ci4app\app\Views\home\login.php(33): CodeIgniter\Debug\Exceptions->errorHandler(2, 'Undefined varia...', 'C:\\xampp\\htdocs...', 33)
#1 C:\xampp\htdocs\ci4app\system\View\View.php(230): include('C:\\xampp\\htdocs...')
#2 C:\xampp\htdocs\ci4app\system\View\View.php(232): CodeIgniter\View\View->CodeIgniter\View\{closure}()
#3 C:\xampp\htdocs\ci4app\system\Common.php(1271): CodeIgniter\View\View->render('home/login', Array, true)
#4 C:\xampp\htdocs\ci4app\app\Controllers\Home.php(12): view('home/login', Array)
#5 C:\xampp\htdocs\ci4app\system\CodeIgniter.php(928): App\Controllers\Home->index()
#6 C:\xampp\htdocs\ci4app\system\CodeIgniter.php(436): CodeIgniter\CodeIgniter->runController(Object(App\Controllers\Home))
#7 C:\xampp\htdocs\ci4app\system\CodeIgniter.php(336): CodeIgniter\CodeIgniter->handleRequest(NULL, Object(Config\Cache), false)
#8 C:\xampp\htdocs\ci4app\public\index.php(37): CodeIgniter\CodeIgniter->run()
#9 C:\xampp\htdocs\ci4app\system\Commands\Server\rewrite.php(45): require_once('C:\\xampp\\htdocs...')
#10 {main}
CRITICAL - 2021-06-13 22:28:36 --> Undefined variable $csrf_field
#0 C:\xampp\htdocs\ci4app\app\Views\home\login.php(33): CodeIgniter\Debug\Exceptions->errorHandler(2, 'Undefined varia...', 'C:\\xampp\\htdocs...', 33)
#1 C:\xampp\htdocs\ci4app\system\View\View.php(230): include('C:\\xampp\\htdocs...')
#2 C:\xampp\htdocs\ci4app\system\View\View.php(232): CodeIgniter\View\View->CodeIgniter\View\{closure}()
#3 C:\xampp\htdocs\ci4app\system\Common.php(1271): CodeIgniter\View\View->render('home/login', Array, true)
#4 C:\xampp\htdocs\ci4app\app\Controllers\Home.php(12): view('home/login', Array)
#5 C:\xampp\htdocs\ci4app\system\CodeIgniter.php(928): App\Controllers\Home->index()
#6 C:\xampp\htdocs\ci4app\system\CodeIgniter.php(436): CodeIgniter\CodeIgniter->runController(Object(App\Controllers\Home))
#7 C:\xampp\htdocs\ci4app\system\CodeIgniter.php(336): CodeIgniter\CodeIgniter->handleRequest(NULL, Object(Config\Cache), false)
#8 C:\xampp\htdocs\ci4app\public\index.php(37): CodeIgniter\CodeIgniter->run()
#9 C:\xampp\htdocs\ci4app\system\Commands\Server\rewrite.php(45): require_once('C:\\xampp\\htdocs...')
#10 {main}
CRITICAL - 2021-06-13 22:28:37 --> Undefined variable $csrf_field
#0 C:\xampp\htdocs\ci4app\app\Views\home\login.php(33): CodeIgniter\Debug\Exceptions->errorHandler(2, 'Undefined varia...', 'C:\\xampp\\htdocs...', 33)
#1 C:\xampp\htdocs\ci4app\system\View\View.php(230): include('C:\\xampp\\htdocs...')
#2 C:\xampp\htdocs\ci4app\system\View\View.php(232): CodeIgniter\View\View->CodeIgniter\View\{closure}()
#3 C:\xampp\htdocs\ci4app\system\Common.php(1271): CodeIgniter\View\View->render('home/login', Array, true)
#4 C:\xampp\htdocs\ci4app\app\Controllers\Home.php(12): view('home/login', Array)
#5 C:\xampp\htdocs\ci4app\system\CodeIgniter.php(928): App\Controllers\Home->index()
#6 C:\xampp\htdocs\ci4app\system\CodeIgniter.php(436): CodeIgniter\CodeIgniter->runController(Object(App\Controllers\Home))
#7 C:\xampp\htdocs\ci4app\system\CodeIgniter.php(336): CodeIgniter\CodeIgniter->handleRequest(NULL, Object(Config\Cache), false)
#8 C:\xampp\htdocs\ci4app\public\index.php(37): CodeIgniter\CodeIgniter->run()
#9 C:\xampp\htdocs\ci4app\system\Commands\Server\rewrite.php(45): require_once('C:\\xampp\\htdocs...')
#10 {main}
CRITICAL - 2021-06-13 22:37:08 --> Undefined variable $csrf_field
#0 C:\xampp\htdocs\ci4app\app\Views\home\login.php(33): CodeIgniter\Debug\Exceptions->errorHandler(2, 'Undefined varia...', 'C:\\xampp\\htdocs...', 33)
#1 C:\xampp\htdocs\ci4app\system\View\View.php(230): include('C:\\xampp\\htdocs...')
#2 C:\xampp\htdocs\ci4app\system\View\View.php(232): CodeIgniter\View\View->CodeIgniter\View\{closure}()
#3 C:\xampp\htdocs\ci4app\system\Common.php(1271): CodeIgniter\View\View->render('home/login', Array, true)
#4 C:\xampp\htdocs\ci4app\app\Controllers\Admin\Users.php(48): view('home/login', Array)
#5 C:\xampp\htdocs\ci4app\system\CodeIgniter.php(928): App\Controllers\Admin\Users->login()
#6 C:\xampp\htdocs\ci4app\system\CodeIgniter.php(436): CodeIgniter\CodeIgniter->runController(Object(App\Controllers\Admin\Users))
#7 C:\xampp\htdocs\ci4app\system\CodeIgniter.php(336): CodeIgniter\CodeIgniter->handleRequest(NULL, Object(Config\Cache), false)
#8 C:\xampp\htdocs\ci4app\public\index.php(37): CodeIgniter\CodeIgniter->run()
#9 C:\xampp\htdocs\ci4app\system\Commands\Server\rewrite.php(45): require_once('C:\\xampp\\htdocs...')
#10 {main}
CRITICAL - 2021-06-13 22:55:03 --> Undefined variable $csrf_field
#0 C:\xampp\htdocs\ci4app\app\Views\home\login.php(33): CodeIgniter\Debug\Exceptions->errorHandler(2, 'Undefined varia...', 'C:\\xampp\\htdocs...', 33)
#1 C:\xampp\htdocs\ci4app\system\View\View.php(230): include('C:\\xampp\\htdocs...')
#2 C:\xampp\htdocs\ci4app\system\View\View.php(232): CodeIgniter\View\View->CodeIgniter\View\{closure}()
#3 C:\xampp\htdocs\ci4app\system\Common.php(1271): CodeIgniter\View\View->render('home/login', Array, true)
#4 C:\xampp\htdocs\ci4app\app\Controllers\Admin\Users.php(49): view('home/login', Array)
#5 C:\xampp\htdocs\ci4app\system\CodeIgniter.php(928): App\Controllers\Admin\Users->login()
#6 C:\xampp\htdocs\ci4app\system\CodeIgniter.php(436): CodeIgniter\CodeIgniter->runController(Object(App\Controllers\Admin\Users))
#7 C:\xampp\htdocs\ci4app\system\CodeIgniter.php(336): CodeIgniter\CodeIgniter->handleRequest(NULL, Object(Config\Cache), false)
#8 C:\xampp\htdocs\ci4app\public\index.php(37): CodeIgniter\CodeIgniter->run()
#9 C:\xampp\htdocs\ci4app\system\Commands\Server\rewrite.php(45): require_once('C:\\xampp\\htdocs...')
#10 {main}
CRITICAL - 2021-06-13 22:55:04 --> Undefined variable $csrf_field
#0 C:\xampp\htdocs\ci4app\app\Views\home\login.php(33): CodeIgniter\Debug\Exceptions->errorHandler(2, 'Undefined varia...', 'C:\\xampp\\htdocs...', 33)
#1 C:\xampp\htdocs\ci4app\system\View\View.php(230): include('C:\\xampp\\htdocs...')
#2 C:\xampp\htdocs\ci4app\system\View\View.php(232): CodeIgniter\View\View->CodeIgniter\View\{closure}()
#3 C:\xampp\htdocs\ci4app\system\Common.php(1271): CodeIgniter\View\View->render('home/login', Array, true)
#4 C:\xampp\htdocs\ci4app\app\Controllers\Admin\Users.php(49): view('home/login', Array)
#5 C:\xampp\htdocs\ci4app\system\CodeIgniter.php(928): App\Controllers\Admin\Users->login()
#6 C:\xampp\htdocs\ci4app\system\CodeIgniter.php(436): CodeIgniter\CodeIgniter->runController(Object(App\Controllers\Admin\Users))
#7 C:\xampp\htdocs\ci4app\system\CodeIgniter.php(336): CodeIgniter\CodeIgniter->handleRequest(NULL, Object(Config\Cache), false)
#8 C:\xampp\htdocs\ci4app\public\index.php(37): CodeIgniter\CodeIgniter->run()
#9 C:\xampp\htdocs\ci4app\system\Commands\Server\rewrite.php(45): require_once('C:\\xampp\\htdocs...')
#10 {main}
CRITICAL - 2021-06-13 22:55:18 --> Undefined variable $csrf_field
#0 C:\xampp\htdocs\ci4app\app\Views\home\login.php(33): CodeIgniter\Debug\Exceptions->errorHandler(2, 'Undefined varia...', 'C:\\xampp\\htdocs...', 33)
#1 C:\xampp\htdocs\ci4app\system\View\View.php(230): include('C:\\xampp\\htdocs...')
#2 C:\xampp\htdocs\ci4app\system\View\View.php(232): CodeIgniter\View\View->CodeIgniter\View\{closure}()
#3 C:\xampp\htdocs\ci4app\system\Common.php(1271): CodeIgniter\View\View->render('home/login', Array, true)
#4 C:\xampp\htdocs\ci4app\app\Controllers\Admin\Users.php(49): view('home/login', Array)
#5 C:\xampp\htdocs\ci4app\system\CodeIgniter.php(928): App\Controllers\Admin\Users->login()
#6 C:\xampp\htdocs\ci4app\system\CodeIgniter.php(436): CodeIgniter\CodeIgniter->runController(Object(App\Controllers\Admin\Users))
#7 C:\xampp\htdocs\ci4app\system\CodeIgniter.php(336): CodeIgniter\CodeIgniter->handleRequest(NULL, Object(Config\Cache), false)
#8 C:\xampp\htdocs\ci4app\public\index.php(37): CodeIgniter\CodeIgniter->run()
#9 C:\xampp\htdocs\ci4app\system\Commands\Server\rewrite.php(45): require_once('C:\\xampp\\htdocs...')
#10 {main}
CRITICAL - 2021-06-13 22:57:15 --> Undefined variable $csrf_field
#0 C:\xampp\htdocs\ci4app\app\Views\home\login.php(33): CodeIgniter\Debug\Exceptions->errorHandler(2, 'Undefined varia...', 'C:\\xampp\\htdocs...', 33)
#1 C:\xampp\htdocs\ci4app\system\View\View.php(230): include('C:\\xampp\\htdocs...')
#2 C:\xampp\htdocs\ci4app\system\View\View.php(232): CodeIgniter\View\View->CodeIgniter\View\{closure}()
#3 C:\xampp\htdocs\ci4app\system\Common.php(1271): CodeIgniter\View\View->render('home/login', Array, true)
#4 C:\xampp\htdocs\ci4app\app\Controllers\Admin\Users.php(49): view('home/login', Array)
#5 C:\xampp\htdocs\ci4app\system\CodeIgniter.php(928): App\Controllers\Admin\Users->login()
#6 C:\xampp\htdocs\ci4app\system\CodeIgniter.php(436): CodeIgniter\CodeIgniter->runController(Object(App\Controllers\Admin\Users))
#7 C:\xampp\htdocs\ci4app\system\CodeIgniter.php(336): CodeIgniter\CodeIgniter->handleRequest(NULL, Object(Config\Cache), false)
#8 C:\xampp\htdocs\ci4app\public\index.php(37): CodeIgniter\CodeIgniter->run()
#9 C:\xampp\htdocs\ci4app\system\Commands\Server\rewrite.php(45): require_once('C:\\xampp\\htdocs...')
#10 {main}
CRITICAL - 2021-06-13 22:57:16 --> Undefined variable $csrf_field
#0 C:\xampp\htdocs\ci4app\app\Views\home\login.php(33): CodeIgniter\Debug\Exceptions->errorHandler(2, 'Undefined varia...', 'C:\\xampp\\htdocs...', 33)
#1 C:\xampp\htdocs\ci4app\system\View\View.php(230): include('C:\\xampp\\htdocs...')
#2 C:\xampp\htdocs\ci4app\system\View\View.php(232): CodeIgniter\View\View->CodeIgniter\View\{closure}()
#3 C:\xampp\htdocs\ci4app\system\Common.php(1271): CodeIgniter\View\View->render('home/login', Array, true)
#4 C:\xampp\htdocs\ci4app\app\Controllers\Admin\Users.php(49): view('home/login', Array)
#5 C:\xampp\htdocs\ci4app\system\CodeIgniter.php(928): App\Controllers\Admin\Users->login()
#6 C:\xampp\htdocs\ci4app\system\CodeIgniter.php(436): CodeIgniter\CodeIgniter->runController(Object(App\Controllers\Admin\Users))
#7 C:\xampp\htdocs\ci4app\system\CodeIgniter.php(336): CodeIgniter\CodeIgniter->handleRequest(NULL, Object(Config\Cache), false)
#8 C:\xampp\htdocs\ci4app\public\index.php(37): CodeIgniter\CodeIgniter->run()
#9 C:\xampp\htdocs\ci4app\system\Commands\Server\rewrite.php(45): require_once('C:\\xampp\\htdocs...')
#10 {main}
CRITICAL - 2021-06-13 22:57:17 --> Undefined variable $csrf_field
#0 C:\xampp\htdocs\ci4app\app\Views\home\login.php(33): CodeIgniter\Debug\Exceptions->errorHandler(2, 'Undefined varia...', 'C:\\xampp\\htdocs...', 33)
#1 C:\xampp\htdocs\ci4app\system\View\View.php(230): include('C:\\xampp\\htdocs...')
#2 C:\xampp\htdocs\ci4app\system\View\View.php(232): CodeIgniter\View\View->CodeIgniter\View\{closure}()
#3 C:\xampp\htdocs\ci4app\system\Common.php(1271): CodeIgniter\View\View->render('home/login', Array, true)
#4 C:\xampp\htdocs\ci4app\app\Controllers\Admin\Users.php(49): view('home/login', Array)
#5 C:\xampp\htdocs\ci4app\system\CodeIgniter.php(928): App\Controllers\Admin\Users->login()
#6 C:\xampp\htdocs\ci4app\system\CodeIgniter.php(436): CodeIgniter\CodeIgniter->runController(Object(App\Controllers\Admin\Users))
#7 C:\xampp\htdocs\ci4app\system\CodeIgniter.php(336): CodeIgniter\CodeIgniter->handleRequest(NULL, Object(Config\Cache), false)
#8 C:\xampp\htdocs\ci4app\public\index.php(37): CodeIgniter\CodeIgniter->run()
#9 C:\xampp\htdocs\ci4app\system\Commands\Server\rewrite.php(45): require_once('C:\\xampp\\htdocs...')
#10 {main}
CRITICAL - 2021-06-13 22:57:30 --> Undefined variable $csrf_field
#0 C:\xampp\htdocs\ci4app\app\Views\home\login.php(33): CodeIgniter\Debug\Exceptions->errorHandler(2, 'Undefined varia...', 'C:\\xampp\\htdocs...', 33)
#1 C:\xampp\htdocs\ci4app\system\View\View.php(230): include('C:\\xampp\\htdocs...')
#2 C:\xampp\htdocs\ci4app\system\View\View.php(232): CodeIgniter\View\View->CodeIgniter\View\{closure}()
#3 C:\xampp\htdocs\ci4app\system\Common.php(1271): CodeIgniter\View\View->render('home/login', Array, true)
#4 C:\xampp\htdocs\ci4app\app\Controllers\Admin\Users.php(49): view('home/login', Array)
#5 C:\xampp\htdocs\ci4app\system\CodeIgniter.php(928): App\Controllers\Admin\Users->login()
#6 C:\xampp\htdocs\ci4app\system\CodeIgniter.php(436): CodeIgniter\CodeIgniter->runController(Object(App\Controllers\Admin\Users))
#7 C:\xampp\htdocs\ci4app\system\CodeIgniter.php(336): CodeIgniter\CodeIgniter->handleRequest(NULL, Object(Config\Cache), false)
#8 C:\xampp\htdocs\ci4app\public\index.php(37): CodeIgniter\CodeIgniter->run()
#9 C:\xampp\htdocs\ci4app\system\Commands\Server\rewrite.php(45): require_once('C:\\xampp\\htdocs...')
#10 {main}
CRITICAL - 2021-06-13 22:57:36 --> Undefined variable $csrf_field
#0 C:\xampp\htdocs\ci4app\app\Views\home\login.php(33): CodeIgniter\Debug\Exceptions->errorHandler(2, 'Undefined varia...', 'C:\\xampp\\htdocs...', 33)
#1 C:\xampp\htdocs\ci4app\system\View\View.php(230): include('C:\\xampp\\htdocs...')
#2 C:\xampp\htdocs\ci4app\system\View\View.php(232): CodeIgniter\View\View->CodeIgniter\View\{closure}()
#3 C:\xampp\htdocs\ci4app\system\Common.php(1271): CodeIgniter\View\View->render('home/login', Array, true)
#4 C:\xampp\htdocs\ci4app\app\Controllers\Admin\Users.php(49): view('home/login', Array)
#5 C:\xampp\htdocs\ci4app\system\CodeIgniter.php(928): App\Controllers\Admin\Users->login()
#6 C:\xampp\htdocs\ci4app\system\CodeIgniter.php(436): CodeIgniter\CodeIgniter->runController(Object(App\Controllers\Admin\Users))
#7 C:\xampp\htdocs\ci4app\system\CodeIgniter.php(336): CodeIgniter\CodeIgniter->handleRequest(NULL, Object(Config\Cache), false)
#8 C:\xampp\htdocs\ci4app\public\index.php(37): CodeIgniter\CodeIgniter->run()
#9 C:\xampp\htdocs\ci4app\system\Commands\Server\rewrite.php(45): require_once('C:\\xampp\\htdocs...')
#10 {main}
CRITICAL - 2021-06-13 23:19:45 --> syntax error, unexpected identifier "dd"
#0 C:\xampp\htdocs\ci4app\system\Autoloader\Autoloader.php(273): CodeIgniter\Autoloader\Autoloader->includeFile('C:\\xampp\\htdocs...')
#1 C:\xampp\htdocs\ci4app\system\Autoloader\Autoloader.php(247): CodeIgniter\Autoloader\Autoloader->loadInNamespace('App\\Controllers...')
#2 [internal function]: CodeIgniter\Autoloader\Autoloader->loadClass('App\\Controllers...')
#3 C:\xampp\htdocs\ci4app\system\CodeIgniter.php(885): class_exists('\\App\\Controller...', true)
#4 C:\xampp\htdocs\ci4app\system\CodeIgniter.php(421): CodeIgniter\CodeIgniter->startController()
#5 C:\xampp\htdocs\ci4app\system\CodeIgniter.php(336): CodeIgniter\CodeIgniter->handleRequest(NULL, Object(Config\Cache), false)
#6 C:\xampp\htdocs\ci4app\public\index.php(37): CodeIgniter\CodeIgniter->run()
#7 C:\xampp\htdocs\ci4app\system\Commands\Server\rewrite.php(45): require_once('C:\\xampp\\htdocs...')
#8 {main}
CRITICAL - 2021-06-13 23:19:58 --> syntax error, unexpected identifier "dd"
#0 C:\xampp\htdocs\ci4app\system\Autoloader\Autoloader.php(273): CodeIgniter\Autoloader\Autoloader->includeFile('C:\\xampp\\htdocs...')
#1 C:\xampp\htdocs\ci4app\system\Autoloader\Autoloader.php(247): CodeIgniter\Autoloader\Autoloader->loadInNamespace('App\\Controllers...')
#2 [internal function]: CodeIgniter\Autoloader\Autoloader->loadClass('App\\Controllers...')
#3 C:\xampp\htdocs\ci4app\system\CodeIgniter.php(885): class_exists('\\App\\Controller...', true)
#4 C:\xampp\htdocs\ci4app\system\CodeIgniter.php(421): CodeIgniter\CodeIgniter->startController()
#5 C:\xampp\htdocs\ci4app\system\CodeIgniter.php(336): CodeIgniter\CodeIgniter->handleRequest(NULL, Object(Config\Cache), false)
#6 C:\xampp\htdocs\ci4app\public\index.php(37): CodeIgniter\CodeIgniter->run()
#7 C:\xampp\htdocs\ci4app\system\Commands\Server\rewrite.php(45): require_once('C:\\xampp\\htdocs...')
#8 {main}
CRITICAL - 2021-06-13 23:20:09 --> syntax error, unexpected identifier "dd"
#0 C:\xampp\htdocs\ci4app\system\Autoloader\Autoloader.php(273): CodeIgniter\Autoloader\Autoloader->includeFile('C:\\xampp\\htdocs...')
#1 C:\xampp\htdocs\ci4app\system\Autoloader\Autoloader.php(247): CodeIgniter\Autoloader\Autoloader->loadInNamespace('App\\Controllers...')
#2 [internal function]: CodeIgniter\Autoloader\Autoloader->loadClass('App\\Controllers...')
#3 C:\xampp\htdocs\ci4app\system\CodeIgniter.php(885): class_exists('\\App\\Controller...', true)
#4 C:\xampp\htdocs\ci4app\system\CodeIgniter.php(421): CodeIgniter\CodeIgniter->startController()
#5 C:\xampp\htdocs\ci4app\system\CodeIgniter.php(336): CodeIgniter\CodeIgniter->handleRequest(NULL, Object(Config\Cache), false)
#6 C:\xampp\htdocs\ci4app\public\index.php(37): CodeIgniter\CodeIgniter->run()
#7 C:\xampp\htdocs\ci4app\system\Commands\Server\rewrite.php(45): require_once('C:\\xampp\\htdocs...')
#8 {main}
CRITICAL - 2021-06-13 23:20:12 --> syntax error, unexpected identifier "dd"
#0 C:\xampp\htdocs\ci4app\system\Autoloader\Autoloader.php(273): CodeIgniter\Autoloader\Autoloader->includeFile('C:\\xampp\\htdocs...')
#1 C:\xampp\htdocs\ci4app\system\Autoloader\Autoloader.php(247): CodeIgniter\Autoloader\Autoloader->loadInNamespace('App\\Controllers...')
#2 [internal function]: CodeIgniter\Autoloader\Autoloader->loadClass('App\\Controllers...')
#3 C:\xampp\htdocs\ci4app\system\CodeIgniter.php(885): class_exists('\\App\\Controller...', true)
#4 C:\xampp\htdocs\ci4app\system\CodeIgniter.php(421): CodeIgniter\CodeIgniter->startController()
#5 C:\xampp\htdocs\ci4app\system\CodeIgniter.php(336): CodeIgniter\CodeIgniter->handleRequest(NULL, Object(Config\Cache), false)
#6 C:\xampp\htdocs\ci4app\public\index.php(37): CodeIgniter\CodeIgniter->run()
#7 C:\xampp\htdocs\ci4app\system\Commands\Server\rewrite.php(45): require_once('C:\\xampp\\htdocs...')
#8 {main}
CRITICAL - 2021-06-13 23:20:12 --> syntax error, unexpected identifier "dd"
#0 C:\xampp\htdocs\ci4app\system\Autoloader\Autoloader.php(273): CodeIgniter\Autoloader\Autoloader->includeFile('C:\\xampp\\htdocs...')
#1 C:\xampp\htdocs\ci4app\system\Autoloader\Autoloader.php(247): CodeIgniter\Autoloader\Autoloader->loadInNamespace('App\\Controllers...')
#2 [internal function]: CodeIgniter\Autoloader\Autoloader->loadClass('App\\Controllers...')
#3 C:\xampp\htdocs\ci4app\system\CodeIgniter.php(885): class_exists('\\App\\Controller...', true)
#4 C:\xampp\htdocs\ci4app\system\CodeIgniter.php(421): CodeIgniter\CodeIgniter->startController()
#5 C:\xampp\htdocs\ci4app\system\CodeIgniter.php(336): CodeIgniter\CodeIgniter->handleRequest(NULL, Object(Config\Cache), false)
#6 C:\xampp\htdocs\ci4app\public\index.php(37): CodeIgniter\CodeIgniter->run()
#7 C:\xampp\htdocs\ci4app\system\Commands\Server\rewrite.php(45): require_once('C:\\xampp\\htdocs...')
#8 {main}
CRITICAL - 2021-06-13 23:20:13 --> syntax error, unexpected identifier "dd"
#0 C:\xampp\htdocs\ci4app\system\Autoloader\Autoloader.php(273): CodeIgniter\Autoloader\Autoloader->includeFile('C:\\xampp\\htdocs...')
#1 C:\xampp\htdocs\ci4app\system\Autoloader\Autoloader.php(247): CodeIgniter\Autoloader\Autoloader->loadInNamespace('App\\Controllers...')
#2 [internal function]: CodeIgniter\Autoloader\Autoloader->loadClass('App\\Controllers...')
#3 C:\xampp\htdocs\ci4app\system\CodeIgniter.php(885): class_exists('\\App\\Controller...', true)
#4 C:\xampp\htdocs\ci4app\system\CodeIgniter.php(421): CodeIgniter\CodeIgniter->startController()
#5 C:\xampp\htdocs\ci4app\system\CodeIgniter.php(336): CodeIgniter\CodeIgniter->handleRequest(NULL, Object(Config\Cache), false)
#6 C:\xampp\htdocs\ci4app\public\index.php(37): CodeIgniter\CodeIgniter->run()
#7 C:\xampp\htdocs\ci4app\system\Commands\Server\rewrite.php(45): require_once('C:\\xampp\\htdocs...')
#8 {main}
CRITICAL - 2021-06-13 23:24:52 --> Undefined property: App\Controllers\Admin\Users::$db
#0 C:\xampp\htdocs\ci4app\app\Controllers\Admin\Users.php(82): CodeIgniter\Debug\Exceptions->errorHandler(2, 'Undefined prope...', 'C:\\xampp\\htdocs...', 82)
#1 C:\xampp\htdocs\ci4app\system\CodeIgniter.php(928): App\Controllers\Admin\Users->sistem()
#2 C:\xampp\htdocs\ci4app\system\CodeIgniter.php(436): CodeIgniter\CodeIgniter->runController(Object(App\Controllers\Admin\Users))
#3 C:\xampp\htdocs\ci4app\system\CodeIgniter.php(336): CodeIgniter\CodeIgniter->handleRequest(NULL, Object(Config\Cache), false)
#4 C:\xampp\htdocs\ci4app\public\index.php(37): CodeIgniter\CodeIgniter->run()
#5 C:\xampp\htdocs\ci4app\system\Commands\Server\rewrite.php(45): require_once('C:\\xampp\\htdocs...')
#6 {main}
CRITICAL - 2021-06-13 23:51:14 --> Array to string conversion
#0 C:\xampp\htdocs\ci4app\app\Views\home\login.php(34): CodeIgniter\Debug\Exceptions->errorHandler(2, 'Array to string...', 'C:\\xampp\\htdocs...', 34)
#1 C:\xampp\htdocs\ci4app\system\View\View.php(230): include('C:\\xampp\\htdocs...')
#2 C:\xampp\htdocs\ci4app\system\View\View.php(232): CodeIgniter\View\View->CodeIgniter\View\{closure}()
#3 C:\xampp\htdocs\ci4app\system\Common.php(1271): CodeIgniter\View\View->render('home/login', Array, true)
#4 C:\xampp\htdocs\ci4app\app\Controllers\Admin\Users.php(50): view('home/login', Array)
#5 C:\xampp\htdocs\ci4app\system\CodeIgniter.php(928): App\Controllers\Admin\Users->login()
#6 C:\xampp\htdocs\ci4app\system\CodeIgniter.php(436): CodeIgniter\CodeIgniter->runController(Object(App\Controllers\Admin\Users))
#7 C:\xampp\htdocs\ci4app\system\CodeIgniter.php(336): CodeIgniter\CodeIgniter->handleRequest(NULL, Object(Config\Cache), false)
#8 C:\xampp\htdocs\ci4app\public\index.php(37): CodeIgniter\CodeIgniter->run()
#9 C:\xampp\htdocs\ci4app\system\Commands\Server\rewrite.php(45): require_once('C:\\xampp\\htdocs...')
#10 {main}
CRITICAL - 2021-06-13 23:51:56 --> Undefined array key "username"
#0 C:\xampp\htdocs\ci4app\app\Views\home\login.php(34): CodeIgniter\Debug\Exceptions->errorHandler(2, 'Undefined array...', 'C:\\xampp\\htdocs...', 34)
#1 C:\xampp\htdocs\ci4app\system\View\View.php(230): include('C:\\xampp\\htdocs...')
#2 C:\xampp\htdocs\ci4app\system\View\View.php(232): CodeIgniter\View\View->CodeIgniter\View\{closure}()
#3 C:\xampp\htdocs\ci4app\system\Common.php(1271): CodeIgniter\View\View->render('home/login', Array, true)
#4 C:\xampp\htdocs\ci4app\app\Controllers\Admin\Users.php(50): view('home/login', Array)
#5 C:\xampp\htdocs\ci4app\system\CodeIgniter.php(928): App\Controllers\Admin\Users->login()
#6 C:\xampp\htdocs\ci4app\system\CodeIgniter.php(436): CodeIgniter\CodeIgniter->runController(Object(App\Controllers\Admin\Users))
#7 C:\xampp\htdocs\ci4app\system\CodeIgniter.php(336): CodeIgniter\CodeIgniter->handleRequest(NULL, Object(Config\Cache), false)
#8 C:\xampp\htdocs\ci4app\public\index.php(37): CodeIgniter\CodeIgniter->run()
#9 C:\xampp\htdocs\ci4app\system\Commands\Server\rewrite.php(45): require_once('C:\\xampp\\htdocs...')
#10 {main}
CRITICAL - 2021-06-13 23:54:15 --> Constant expression contains invalid operations
#0 [internal function]: CodeIgniter\Debug\Exceptions->shutdownHandler()
#1 {main}
CRITICAL - 2021-06-13 23:56:23 --> Array to string conversion
#0 C:\xampp\htdocs\ci4app\app\Views\home\login.php(34): CodeIgniter\Debug\Exceptions->errorHandler(2, 'Array to string...', 'C:\\xampp\\htdocs...', 34)
#1 C:\xampp\htdocs\ci4app\system\View\View.php(230): include('C:\\xampp\\htdocs...')
#2 C:\xampp\htdocs\ci4app\system\View\View.php(232): CodeIgniter\View\View->CodeIgniter\View\{closure}()
#3 C:\xampp\htdocs\ci4app\system\Common.php(1271): CodeIgniter\View\View->render('home/login', Array, true)
#4 C:\xampp\htdocs\ci4app\app\Controllers\Admin\Users.php(50): view('home/login', Array)
#5 C:\xampp\htdocs\ci4app\system\CodeIgniter.php(928): App\Controllers\Admin\Users->login()
#6 C:\xampp\htdocs\ci4app\system\CodeIgniter.php(436): CodeIgniter\CodeIgniter->runController(Object(App\Controllers\Admin\Users))
#7 C:\xampp\htdocs\ci4app\system\CodeIgniter.php(336): CodeIgniter\CodeIgniter->handleRequest(NULL, Object(Config\Cache), false)
#8 C:\xampp\htdocs\ci4app\public\index.php(37): CodeIgniter\CodeIgniter->run()
#9 C:\xampp\htdocs\ci4app\system\Commands\Server\rewrite.php(45): require_once('C:\\xampp\\htdocs...')
#10 {main}
