CRITICAL - 2021-06-12 05:07:57 --> Invalid file: welcome_message.php
#0 C:\xampp\htdocs\ci4app\system\View\View.php(213): CodeIgniter\Exceptions\FrameworkException::forInvalidFile('welcome_message...')
#1 C:\xampp\htdocs\ci4app\system\Common.php(1271): CodeIgniter\View\View->render('welcome_message', Array, true)
#2 C:\xampp\htdocs\ci4app\app\Controllers\Home.php(9): view('welcome_message')
#3 C:\xampp\htdocs\ci4app\system\CodeIgniter.php(928): App\Controllers\Home->index()
#4 C:\xampp\htdocs\ci4app\system\CodeIgniter.php(436): CodeIgniter\CodeIgniter->runController(Object(App\Controllers\Home))
#5 C:\xampp\htdocs\ci4app\system\CodeIgniter.php(336): CodeIgniter\CodeIgniter->handleRequest(NULL, Object(Config\Cache), false)
#6 C:\xampp\htdocs\ci4app\public\index.php(37): CodeIgniter\CodeIgniter->run()
#7 C:\xampp\htdocs\ci4app\system\Commands\Server\rewrite.php(45): require_once('C:\\xampp\\htdocs...')
#8 {main}
CRITICAL - 2021-06-12 05:08:14 --> Invalid file: index.php
#0 C:\xampp\htdocs\ci4app\system\View\View.php(213): CodeIgniter\Exceptions\FrameworkException::forInvalidFile('index.php')
#1 C:\xampp\htdocs\ci4app\system\Common.php(1271): CodeIgniter\View\View->render('index', Array, true)
#2 C:\xampp\htdocs\ci4app\app\Controllers\Home.php(9): view('index')
#3 C:\xampp\htdocs\ci4app\system\CodeIgniter.php(928): App\Controllers\Home->index()
#4 C:\xampp\htdocs\ci4app\system\CodeIgniter.php(436): CodeIgniter\CodeIgniter->runController(Object(App\Controllers\Home))
#5 C:\xampp\htdocs\ci4app\system\CodeIgniter.php(336): CodeIgniter\CodeIgniter->handleRequest(NULL, Object(Config\Cache), false)
#6 C:\xampp\htdocs\ci4app\public\index.php(37): CodeIgniter\CodeIgniter->run()
#7 C:\xampp\htdocs\ci4app\system\Commands\Server\rewrite.php(45): require_once('C:\\xampp\\htdocs...')
#8 {main}
CRITICAL - 2021-06-12 05:08:15 --> Invalid file: index.php
#0 C:\xampp\htdocs\ci4app\system\View\View.php(213): CodeIgniter\Exceptions\FrameworkException::forInvalidFile('index.php')
#1 C:\xampp\htdocs\ci4app\system\Common.php(1271): CodeIgniter\View\View->render('index', Array, true)
#2 C:\xampp\htdocs\ci4app\app\Controllers\Home.php(9): view('index')
#3 C:\xampp\htdocs\ci4app\system\CodeIgniter.php(928): App\Controllers\Home->index()
#4 C:\xampp\htdocs\ci4app\system\CodeIgniter.php(436): CodeIgniter\CodeIgniter->runController(Object(App\Controllers\Home))
#5 C:\xampp\htdocs\ci4app\system\CodeIgniter.php(336): CodeIgniter\CodeIgniter->handleRequest(NULL, Object(Config\Cache), false)
#6 C:\xampp\htdocs\ci4app\public\index.php(37): CodeIgniter\CodeIgniter->run()
#7 C:\xampp\htdocs\ci4app\system\Commands\Server\rewrite.php(45): require_once('C:\\xampp\\htdocs...')
#8 {main}
CRITICAL - 2021-06-12 07:29:57 --> Undefined variable $data
#0 C:\xampp\htdocs\ci4app\app\Views\layout\layout.php(7): CodeIgniter\Debug\Exceptions->errorHandler(2, 'Undefined varia...', 'C:\\xampp\\htdocs...', 7)
#1 C:\xampp\htdocs\ci4app\system\View\View.php(230): include('C:\\xampp\\htdocs...')
#2 C:\xampp\htdocs\ci4app\system\View\View.php(232): CodeIgniter\View\View->CodeIgniter\View\{closure}()
#3 C:\xampp\htdocs\ci4app\system\View\View.php(246): CodeIgniter\View\View->render('layout/layout', Array, true)
#4 C:\xampp\htdocs\ci4app\system\Common.php(1271): CodeIgniter\View\View->render('home/tamplate', Array, true)
#5 C:\xampp\htdocs\ci4app\app\Controllers\Home.php(12): view('home/tamplate', Array)
#6 C:\xampp\htdocs\ci4app\system\CodeIgniter.php(928): App\Controllers\Home->index()
#7 C:\xampp\htdocs\ci4app\system\CodeIgniter.php(436): CodeIgniter\CodeIgniter->runController(Object(App\Controllers\Home))
#8 C:\xampp\htdocs\ci4app\system\CodeIgniter.php(336): CodeIgniter\CodeIgniter->handleRequest(NULL, Object(Config\Cache), false)
#9 C:\xampp\htdocs\ci4app\public\index.php(37): CodeIgniter\CodeIgniter->run()
#10 {main}
CRITICAL - 2021-06-12 15:09:54 --> Cannot access offset of type string on string
#0 C:\xampp\htdocs\ci4app\system\View\View.php(230): include()
#1 C:\xampp\htdocs\ci4app\system\View\View.php(232): CodeIgniter\View\View->CodeIgniter\View\{closure}()
#2 C:\xampp\htdocs\ci4app\system\Common.php(1271): CodeIgniter\View\View->render('home/users', Array, true)
#3 C:\xampp\htdocs\ci4app\app\Controllers\Admin\Users.php(24): view('home/users', Array)
#4 C:\xampp\htdocs\ci4app\system\CodeIgniter.php(928): App\Controllers\Admin\Users->user()
#5 C:\xampp\htdocs\ci4app\system\CodeIgniter.php(436): CodeIgniter\CodeIgniter->runController(Object(App\Controllers\Admin\Users))
#6 C:\xampp\htdocs\ci4app\system\CodeIgniter.php(336): CodeIgniter\CodeIgniter->handleRequest(NULL, Object(Config\Cache), false)
#7 C:\xampp\htdocs\ci4app\public\index.php(37): CodeIgniter\CodeIgniter->run()
#8 C:\xampp\htdocs\ci4app\system\Commands\Server\rewrite.php(45): require_once('C:\\xampp\\htdocs...')
#9 {main}
CRITICAL - 2021-06-12 15:10:14 --> Cannot access offset of type string on string
#0 C:\xampp\htdocs\ci4app\system\View\View.php(230): include()
#1 C:\xampp\htdocs\ci4app\system\View\View.php(232): CodeIgniter\View\View->CodeIgniter\View\{closure}()
#2 C:\xampp\htdocs\ci4app\system\Common.php(1271): CodeIgniter\View\View->render('home/users', Array, true)
#3 C:\xampp\htdocs\ci4app\app\Controllers\Admin\Users.php(24): view('home/users', Array)
#4 C:\xampp\htdocs\ci4app\system\CodeIgniter.php(928): App\Controllers\Admin\Users->user()
#5 C:\xampp\htdocs\ci4app\system\CodeIgniter.php(436): CodeIgniter\CodeIgniter->runController(Object(App\Controllers\Admin\Users))
#6 C:\xampp\htdocs\ci4app\system\CodeIgniter.php(336): CodeIgniter\CodeIgniter->handleRequest(NULL, Object(Config\Cache), false)
#7 C:\xampp\htdocs\ci4app\public\index.php(37): CodeIgniter\CodeIgniter->run()
#8 C:\xampp\htdocs\ci4app\system\Commands\Server\rewrite.php(45): require_once('C:\\xampp\\htdocs...')
#9 {main}
CRITICAL - 2021-06-12 15:10:22 --> Cannot access offset of type string on string
#0 C:\xampp\htdocs\ci4app\system\View\View.php(230): include()
#1 C:\xampp\htdocs\ci4app\system\View\View.php(232): CodeIgniter\View\View->CodeIgniter\View\{closure}()
#2 C:\xampp\htdocs\ci4app\system\Common.php(1271): CodeIgniter\View\View->render('home/users', Array, true)
#3 C:\xampp\htdocs\ci4app\app\Controllers\Admin\Users.php(24): view('home/users', Array)
#4 C:\xampp\htdocs\ci4app\system\CodeIgniter.php(928): App\Controllers\Admin\Users->user()
#5 C:\xampp\htdocs\ci4app\system\CodeIgniter.php(436): CodeIgniter\CodeIgniter->runController(Object(App\Controllers\Admin\Users))
#6 C:\xampp\htdocs\ci4app\system\CodeIgniter.php(336): CodeIgniter\CodeIgniter->handleRequest(NULL, Object(Config\Cache), false)
#7 C:\xampp\htdocs\ci4app\public\index.php(37): CodeIgniter\CodeIgniter->run()
#8 C:\xampp\htdocs\ci4app\system\Commands\Server\rewrite.php(45): require_once('C:\\xampp\\htdocs...')
#9 {main}
CRITICAL - 2021-06-12 15:13:00 --> Cannot access offset of type string on string
#0 C:\xampp\htdocs\ci4app\system\View\View.php(230): include()
#1 C:\xampp\htdocs\ci4app\system\View\View.php(232): CodeIgniter\View\View->CodeIgniter\View\{closure}()
#2 C:\xampp\htdocs\ci4app\system\Common.php(1271): CodeIgniter\View\View->render('home/users', Array, true)
#3 C:\xampp\htdocs\ci4app\app\Controllers\Admin\Users.php(24): view('home/users', Array)
#4 C:\xampp\htdocs\ci4app\system\CodeIgniter.php(928): App\Controllers\Admin\Users->user()
#5 C:\xampp\htdocs\ci4app\system\CodeIgniter.php(436): CodeIgniter\CodeIgniter->runController(Object(App\Controllers\Admin\Users))
#6 C:\xampp\htdocs\ci4app\system\CodeIgniter.php(336): CodeIgniter\CodeIgniter->handleRequest(NULL, Object(Config\Cache), false)
#7 C:\xampp\htdocs\ci4app\public\index.php(37): CodeIgniter\CodeIgniter->run()
#8 C:\xampp\htdocs\ci4app\system\Commands\Server\rewrite.php(45): require_once('C:\\xampp\\htdocs...')
#9 {main}
CRITICAL - 2021-06-12 15:15:08 --> Cannot access offset of type string on string
#0 C:\xampp\htdocs\ci4app\system\View\View.php(230): include()
#1 C:\xampp\htdocs\ci4app\system\View\View.php(232): CodeIgniter\View\View->CodeIgniter\View\{closure}()
#2 C:\xampp\htdocs\ci4app\system\Common.php(1271): CodeIgniter\View\View->render('home/users', Array, true)
#3 C:\xampp\htdocs\ci4app\app\Controllers\Admin\Users.php(24): view('home/users', Array)
#4 C:\xampp\htdocs\ci4app\system\CodeIgniter.php(928): App\Controllers\Admin\Users->user()
#5 C:\xampp\htdocs\ci4app\system\CodeIgniter.php(436): CodeIgniter\CodeIgniter->runController(Object(App\Controllers\Admin\Users))
#6 C:\xampp\htdocs\ci4app\system\CodeIgniter.php(336): CodeIgniter\CodeIgniter->handleRequest(NULL, Object(Config\Cache), false)
#7 C:\xampp\htdocs\ci4app\public\index.php(37): CodeIgniter\CodeIgniter->run()
#8 C:\xampp\htdocs\ci4app\system\Commands\Server\rewrite.php(45): require_once('C:\\xampp\\htdocs...')
#9 {main}
CRITICAL - 2021-06-12 15:18:57 --> Cannot access offset of type string on string
#0 C:\xampp\htdocs\ci4app\system\View\View.php(230): include()
#1 C:\xampp\htdocs\ci4app\system\View\View.php(232): CodeIgniter\View\View->CodeIgniter\View\{closure}()
#2 C:\xampp\htdocs\ci4app\system\Common.php(1271): CodeIgniter\View\View->render('home/users', Array, true)
#3 C:\xampp\htdocs\ci4app\app\Controllers\Admin\Users.php(24): view('home/users', Array)
#4 C:\xampp\htdocs\ci4app\system\CodeIgniter.php(928): App\Controllers\Admin\Users->user()
#5 C:\xampp\htdocs\ci4app\system\CodeIgniter.php(436): CodeIgniter\CodeIgniter->runController(Object(App\Controllers\Admin\Users))
#6 C:\xampp\htdocs\ci4app\system\CodeIgniter.php(336): CodeIgniter\CodeIgniter->handleRequest(NULL, Object(Config\Cache), false)
#7 C:\xampp\htdocs\ci4app\public\index.php(37): CodeIgniter\CodeIgniter->run()
#8 C:\xampp\htdocs\ci4app\system\Commands\Server\rewrite.php(45): require_once('C:\\xampp\\htdocs...')
#9 {main}
CRITICAL - 2021-06-12 15:20:45 --> Cannot access offset of type string on string
#0 C:\xampp\htdocs\ci4app\system\View\View.php(230): include()
#1 C:\xampp\htdocs\ci4app\system\View\View.php(232): CodeIgniter\View\View->CodeIgniter\View\{closure}()
#2 C:\xampp\htdocs\ci4app\system\Common.php(1271): CodeIgniter\View\View->render('home/users', Array, true)
#3 C:\xampp\htdocs\ci4app\app\Controllers\Admin\Users.php(24): view('home/users', Array)
#4 C:\xampp\htdocs\ci4app\system\CodeIgniter.php(928): App\Controllers\Admin\Users->user()
#5 C:\xampp\htdocs\ci4app\system\CodeIgniter.php(436): CodeIgniter\CodeIgniter->runController(Object(App\Controllers\Admin\Users))
#6 C:\xampp\htdocs\ci4app\system\CodeIgniter.php(336): CodeIgniter\CodeIgniter->handleRequest(NULL, Object(Config\Cache), false)
#7 C:\xampp\htdocs\ci4app\public\index.php(37): CodeIgniter\CodeIgniter->run()
#8 C:\xampp\htdocs\ci4app\system\Commands\Server\rewrite.php(45): require_once('C:\\xampp\\htdocs...')
#9 {main}
CRITICAL - 2021-06-12 15:21:13 --> Cannot access offset of type string on string
#0 C:\xampp\htdocs\ci4app\system\View\View.php(230): include()
#1 C:\xampp\htdocs\ci4app\system\View\View.php(232): CodeIgniter\View\View->CodeIgniter\View\{closure}()
#2 C:\xampp\htdocs\ci4app\system\Common.php(1271): CodeIgniter\View\View->render('home/users', Array, true)
#3 C:\xampp\htdocs\ci4app\app\Controllers\Admin\Users.php(24): view('home/users', Array)
#4 C:\xampp\htdocs\ci4app\system\CodeIgniter.php(928): App\Controllers\Admin\Users->user()
#5 C:\xampp\htdocs\ci4app\system\CodeIgniter.php(436): CodeIgniter\CodeIgniter->runController(Object(App\Controllers\Admin\Users))
#6 C:\xampp\htdocs\ci4app\system\CodeIgniter.php(336): CodeIgniter\CodeIgniter->handleRequest(NULL, Object(Config\Cache), false)
#7 C:\xampp\htdocs\ci4app\public\index.php(37): CodeIgniter\CodeIgniter->run()
#8 C:\xampp\htdocs\ci4app\system\Commands\Server\rewrite.php(45): require_once('C:\\xampp\\htdocs...')
#9 {main}
CRITICAL - 2021-06-12 15:24:10 --> Cannot access offset of type string on string
#0 C:\xampp\htdocs\ci4app\system\View\View.php(230): include()
#1 C:\xampp\htdocs\ci4app\system\View\View.php(232): CodeIgniter\View\View->CodeIgniter\View\{closure}()
#2 C:\xampp\htdocs\ci4app\system\Common.php(1271): CodeIgniter\View\View->render('home/users', Array, true)
#3 C:\xampp\htdocs\ci4app\app\Controllers\Admin\Users.php(24): view('home/users', Array)
#4 C:\xampp\htdocs\ci4app\system\CodeIgniter.php(928): App\Controllers\Admin\Users->user()
#5 C:\xampp\htdocs\ci4app\system\CodeIgniter.php(436): CodeIgniter\CodeIgniter->runController(Object(App\Controllers\Admin\Users))
#6 C:\xampp\htdocs\ci4app\system\CodeIgniter.php(336): CodeIgniter\CodeIgniter->handleRequest(NULL, Object(Config\Cache), false)
#7 C:\xampp\htdocs\ci4app\public\index.php(37): CodeIgniter\CodeIgniter->run()
#8 C:\xampp\htdocs\ci4app\system\Commands\Server\rewrite.php(45): require_once('C:\\xampp\\htdocs...')
#9 {main}
CRITICAL - 2021-06-12 15:24:32 --> Cannot access offset of type string on string
#0 C:\xampp\htdocs\ci4app\system\View\View.php(230): include()
#1 C:\xampp\htdocs\ci4app\system\View\View.php(232): CodeIgniter\View\View->CodeIgniter\View\{closure}()
#2 C:\xampp\htdocs\ci4app\system\Common.php(1271): CodeIgniter\View\View->render('home/users', Array, true)
#3 C:\xampp\htdocs\ci4app\app\Controllers\Admin\Users.php(24): view('home/users', Array)
#4 C:\xampp\htdocs\ci4app\system\CodeIgniter.php(928): App\Controllers\Admin\Users->user()
#5 C:\xampp\htdocs\ci4app\system\CodeIgniter.php(436): CodeIgniter\CodeIgniter->runController(Object(App\Controllers\Admin\Users))
#6 C:\xampp\htdocs\ci4app\system\CodeIgniter.php(336): CodeIgniter\CodeIgniter->handleRequest(NULL, Object(Config\Cache), false)
#7 C:\xampp\htdocs\ci4app\public\index.php(37): CodeIgniter\CodeIgniter->run()
#8 C:\xampp\htdocs\ci4app\system\Commands\Server\rewrite.php(45): require_once('C:\\xampp\\htdocs...')
#9 {main}
CRITICAL - 2021-06-12 15:30:53 --> Cannot access offset of type string on string
#0 C:\xampp\htdocs\ci4app\system\View\View.php(230): include()
#1 C:\xampp\htdocs\ci4app\system\View\View.php(232): CodeIgniter\View\View->CodeIgniter\View\{closure}()
#2 C:\xampp\htdocs\ci4app\system\Common.php(1271): CodeIgniter\View\View->render('home/users', Array, true)
#3 C:\xampp\htdocs\ci4app\app\Controllers\Admin\Users.php(24): view('home/users', Array)
#4 C:\xampp\htdocs\ci4app\system\CodeIgniter.php(928): App\Controllers\Admin\Users->user()
#5 C:\xampp\htdocs\ci4app\system\CodeIgniter.php(436): CodeIgniter\CodeIgniter->runController(Object(App\Controllers\Admin\Users))
#6 C:\xampp\htdocs\ci4app\system\CodeIgniter.php(336): CodeIgniter\CodeIgniter->handleRequest(NULL, Object(Config\Cache), false)
#7 C:\xampp\htdocs\ci4app\public\index.php(37): CodeIgniter\CodeIgniter->run()
#8 C:\xampp\htdocs\ci4app\system\Commands\Server\rewrite.php(45): require_once('C:\\xampp\\htdocs...')
#9 {main}
