CRITICAL - 2021-06-15 00:02:36 --> Encrypter needs a starter key.
#0 C:\xampp\htdocs\ci4app\system\Encryption\Encryption.php(143): CodeIgniter\Encryption\Exceptions\EncryptionException::forNeedsStarterKey()
#1 C:\xampp\htdocs\ci4app\system\Config\Services.php(247): CodeIgniter\Encryption\Encryption->initialize(Object(Config\Encryption))
#2 C:\xampp\htdocs\ci4app\system\Config\BaseService.php(263): CodeIgniter\Config\Services::encrypter()
#3 C:\xampp\htdocs\ci4app\app\Controllers\Admin\Users.php(86): CodeIgniter\Config\BaseService::__callStatic('encrypter', Array)
#4 C:\xampp\htdocs\ci4app\system\CodeIgniter.php(928): App\Controllers\Admin\Users->sistem()
#5 C:\xampp\htdocs\ci4app\system\CodeIgniter.php(436): CodeIgniter\CodeIgniter->runController(Object(App\Controllers\Admin\Users))
#6 C:\xampp\htdocs\ci4app\system\CodeIgniter.php(336): CodeIgniter\CodeIgniter->handleRequest(NULL, Object(Config\Cache), false)
#7 C:\xampp\htdocs\ci4app\public\index.php(37): CodeIgniter\CodeIgniter->run()
#8 C:\xampp\htdocs\ci4app\system\Commands\Server\rewrite.php(45): require_once('C:\\xampp\\htdocs...')
#9 {main}
CRITICAL - 2021-06-15 00:05:01 --> Encrypter needs a starter key.
#0 C:\xampp\htdocs\ci4app\system\Encryption\Encryption.php(143): CodeIgniter\Encryption\Exceptions\EncryptionException::forNeedsStarterKey()
#1 C:\xampp\htdocs\ci4app\system\Config\Services.php(247): CodeIgniter\Encryption\Encryption->initialize(Object(Config\Encryption))
#2 C:\xampp\htdocs\ci4app\system\Config\BaseService.php(263): CodeIgniter\Config\Services::encrypter()
#3 C:\xampp\htdocs\ci4app\app\Controllers\Admin\Users.php(86): CodeIgniter\Config\BaseService::__callStatic('encrypter', Array)
#4 C:\xampp\htdocs\ci4app\system\CodeIgniter.php(928): App\Controllers\Admin\Users->sistem()
#5 C:\xampp\htdocs\ci4app\system\CodeIgniter.php(436): CodeIgniter\CodeIgniter->runController(Object(App\Controllers\Admin\Users))
#6 C:\xampp\htdocs\ci4app\system\CodeIgniter.php(336): CodeIgniter\CodeIgniter->handleRequest(NULL, Object(Config\Cache), false)
#7 C:\xampp\htdocs\ci4app\public\index.php(37): CodeIgniter\CodeIgniter->run()
#8 C:\xampp\htdocs\ci4app\system\Commands\Server\rewrite.php(45): require_once('C:\\xampp\\htdocs...')
#9 {main}
CRITICAL - 2021-06-15 00:07:07 --> Encrypter needs a starter key.
#0 C:\xampp\htdocs\ci4app\system\Encryption\Encryption.php(143): CodeIgniter\Encryption\Exceptions\EncryptionException::forNeedsStarterKey()
#1 C:\xampp\htdocs\ci4app\system\Config\Services.php(247): CodeIgniter\Encryption\Encryption->initialize(Object(Config\Encryption))
#2 C:\xampp\htdocs\ci4app\system\Config\BaseService.php(263): CodeIgniter\Config\Services::encrypter()
#3 C:\xampp\htdocs\ci4app\app\Controllers\Admin\Users.php(86): CodeIgniter\Config\BaseService::__callStatic('encrypter', Array)
#4 C:\xampp\htdocs\ci4app\system\CodeIgniter.php(928): App\Controllers\Admin\Users->sistem()
#5 C:\xampp\htdocs\ci4app\system\CodeIgniter.php(436): CodeIgniter\CodeIgniter->runController(Object(App\Controllers\Admin\Users))
#6 C:\xampp\htdocs\ci4app\system\CodeIgniter.php(336): CodeIgniter\CodeIgniter->handleRequest(NULL, Object(Config\Cache), false)
#7 C:\xampp\htdocs\ci4app\public\index.php(37): CodeIgniter\CodeIgniter->run()
#8 C:\xampp\htdocs\ci4app\system\Commands\Server\rewrite.php(45): require_once('C:\\xampp\\htdocs...')
#9 {main}
CRITICAL - 2021-06-15 00:08:32 --> Encrypter needs a starter key.
#0 C:\xampp\htdocs\ci4app\system\Encryption\Encryption.php(138): CodeIgniter\Encryption\Exceptions\EncryptionException::forNeedsStarterKey()
#1 C:\xampp\htdocs\ci4app\system\Config\Services.php(247): CodeIgniter\Encryption\Encryption->initialize(Object(Config\Encryption))
#2 C:\xampp\htdocs\ci4app\system\Config\BaseService.php(263): CodeIgniter\Config\Services::encrypter()
#3 C:\xampp\htdocs\ci4app\app\Controllers\Admin\Users.php(86): CodeIgniter\Config\BaseService::__callStatic('encrypter', Array)
#4 C:\xampp\htdocs\ci4app\system\CodeIgniter.php(928): App\Controllers\Admin\Users->sistem()
#5 C:\xampp\htdocs\ci4app\system\CodeIgniter.php(436): CodeIgniter\CodeIgniter->runController(Object(App\Controllers\Admin\Users))
#6 C:\xampp\htdocs\ci4app\system\CodeIgniter.php(336): CodeIgniter\CodeIgniter->handleRequest(NULL, Object(Config\Cache), false)
#7 C:\xampp\htdocs\ci4app\public\index.php(37): CodeIgniter\CodeIgniter->run()
#8 C:\xampp\htdocs\ci4app\system\Commands\Server\rewrite.php(45): require_once('C:\\xampp\\htdocs...')
#9 {main}
CRITICAL - 2021-06-15 00:09:03 --> hash_hkdf(): Argument #2 ($key) cannot be empty
#0 C:\xampp\htdocs\ci4app\system\Encryption\Encryption.php(142): hash_hkdf('SHA512', '')
#1 C:\xampp\htdocs\ci4app\system\Config\Services.php(247): CodeIgniter\Encryption\Encryption->initialize(Object(Config\Encryption))
#2 C:\xampp\htdocs\ci4app\system\Config\BaseService.php(263): CodeIgniter\Config\Services::encrypter()
#3 C:\xampp\htdocs\ci4app\app\Controllers\Admin\Users.php(86): CodeIgniter\Config\BaseService::__callStatic('encrypter', Array)
#4 C:\xampp\htdocs\ci4app\system\CodeIgniter.php(928): App\Controllers\Admin\Users->sistem()
#5 C:\xampp\htdocs\ci4app\system\CodeIgniter.php(436): CodeIgniter\CodeIgniter->runController(Object(App\Controllers\Admin\Users))
#6 C:\xampp\htdocs\ci4app\system\CodeIgniter.php(336): CodeIgniter\CodeIgniter->handleRequest(NULL, Object(Config\Cache), false)
#7 C:\xampp\htdocs\ci4app\public\index.php(37): CodeIgniter\CodeIgniter->run()
#8 C:\xampp\htdocs\ci4app\system\Commands\Server\rewrite.php(45): require_once('C:\\xampp\\htdocs...')
#9 {main}
CRITICAL - 2021-06-15 00:25:34 --> Encrypter needs a starter key.
#0 C:\xampp\htdocs\ci4app\system\Encryption\Encryption.php(138): CodeIgniter\Encryption\Exceptions\EncryptionException::forNeedsStarterKey()
#1 C:\xampp\htdocs\ci4app\system\Config\Services.php(247): CodeIgniter\Encryption\Encryption->initialize(Object(Config\Encryption))
#2 C:\xampp\htdocs\ci4app\system\Config\BaseService.php(263): CodeIgniter\Config\Services::encrypter()
#3 C:\xampp\htdocs\ci4app\app\Controllers\Admin\Users.php(86): CodeIgniter\Config\BaseService::__callStatic('encrypter', Array)
#4 C:\xampp\htdocs\ci4app\system\CodeIgniter.php(928): App\Controllers\Admin\Users->sistem()
#5 C:\xampp\htdocs\ci4app\system\CodeIgniter.php(436): CodeIgniter\CodeIgniter->runController(Object(App\Controllers\Admin\Users))
#6 C:\xampp\htdocs\ci4app\system\CodeIgniter.php(336): CodeIgniter\CodeIgniter->handleRequest(NULL, Object(Config\Cache), false)
#7 C:\xampp\htdocs\ci4app\public\index.php(37): CodeIgniter\CodeIgniter->run()
#8 C:\xampp\htdocs\ci4app\system\Commands\Server\rewrite.php(45): require_once('C:\\xampp\\htdocs...')
#9 {main}
CRITICAL - 2021-06-15 00:44:29 --> Encrypter needs a starter key.
#0 C:\xampp\htdocs\ci4app\system\Encryption\Encryption.php(138): CodeIgniter\Encryption\Exceptions\EncryptionException::forNeedsStarterKey()
#1 C:\xampp\htdocs\ci4app\system\Config\Services.php(247): CodeIgniter\Encryption\Encryption->initialize(Object(Config\Encryption))
#2 C:\xampp\htdocs\ci4app\system\Config\BaseService.php(263): CodeIgniter\Config\Services::encrypter()
#3 C:\xampp\htdocs\ci4app\app\Controllers\Admin\Users.php(86): CodeIgniter\Config\BaseService::__callStatic('encrypter', Array)
#4 C:\xampp\htdocs\ci4app\system\CodeIgniter.php(928): App\Controllers\Admin\Users->sistem()
#5 C:\xampp\htdocs\ci4app\system\CodeIgniter.php(436): CodeIgniter\CodeIgniter->runController(Object(App\Controllers\Admin\Users))
#6 C:\xampp\htdocs\ci4app\system\CodeIgniter.php(336): CodeIgniter\CodeIgniter->handleRequest(NULL, Object(Config\Cache), false)
#7 C:\xampp\htdocs\ci4app\public\index.php(37): CodeIgniter\CodeIgniter->run()
#8 C:\xampp\htdocs\ci4app\system\Commands\Server\rewrite.php(45): require_once('C:\\xampp\\htdocs...')
#9 {main}
CRITICAL - 2021-06-15 00:44:35 --> Encrypter needs a starter key.
#0 C:\xampp\htdocs\ci4app\system\Encryption\Encryption.php(138): CodeIgniter\Encryption\Exceptions\EncryptionException::forNeedsStarterKey()
#1 C:\xampp\htdocs\ci4app\system\Config\Services.php(247): CodeIgniter\Encryption\Encryption->initialize(Object(Config\Encryption))
#2 C:\xampp\htdocs\ci4app\system\Config\BaseService.php(263): CodeIgniter\Config\Services::encrypter()
#3 C:\xampp\htdocs\ci4app\app\Controllers\Admin\Users.php(86): CodeIgniter\Config\BaseService::__callStatic('encrypter', Array)
#4 C:\xampp\htdocs\ci4app\system\CodeIgniter.php(928): App\Controllers\Admin\Users->sistem()
#5 C:\xampp\htdocs\ci4app\system\CodeIgniter.php(436): CodeIgniter\CodeIgniter->runController(Object(App\Controllers\Admin\Users))
#6 C:\xampp\htdocs\ci4app\system\CodeIgniter.php(336): CodeIgniter\CodeIgniter->handleRequest(NULL, Object(Config\Cache), false)
#7 C:\xampp\htdocs\ci4app\public\index.php(37): CodeIgniter\CodeIgniter->run()
#8 C:\xampp\htdocs\ci4app\system\Commands\Server\rewrite.php(45): require_once('C:\\xampp\\htdocs...')
#9 {main}
CRITICAL - 2021-06-15 00:45:57 --> Encrypter needs a starter key.
#0 C:\xampp\htdocs\ci4app\system\Encryption\Encryption.php(138): CodeIgniter\Encryption\Exceptions\EncryptionException::forNeedsStarterKey()
#1 C:\xampp\htdocs\ci4app\system\Config\Services.php(247): CodeIgniter\Encryption\Encryption->initialize(Object(Config\Encryption))
#2 C:\xampp\htdocs\ci4app\system\Config\BaseService.php(263): CodeIgniter\Config\Services::encrypter()
#3 C:\xampp\htdocs\ci4app\app\Controllers\Admin\Users.php(86): CodeIgniter\Config\BaseService::__callStatic('encrypter', Array)
#4 C:\xampp\htdocs\ci4app\system\CodeIgniter.php(928): App\Controllers\Admin\Users->sistem()
#5 C:\xampp\htdocs\ci4app\system\CodeIgniter.php(436): CodeIgniter\CodeIgniter->runController(Object(App\Controllers\Admin\Users))
#6 C:\xampp\htdocs\ci4app\system\CodeIgniter.php(336): CodeIgniter\CodeIgniter->handleRequest(NULL, Object(Config\Cache), false)
#7 C:\xampp\htdocs\ci4app\public\index.php(37): CodeIgniter\CodeIgniter->run()
#8 C:\xampp\htdocs\ci4app\system\Commands\Server\rewrite.php(45): require_once('C:\\xampp\\htdocs...')
#9 {main}
CRITICAL - 2021-06-15 00:48:03 --> Encrypter needs a starter key.
#0 C:\xampp\htdocs\ci4app\system\Encryption\Encryption.php(138): CodeIgniter\Encryption\Exceptions\EncryptionException::forNeedsStarterKey()
#1 C:\xampp\htdocs\ci4app\system\Config\Services.php(247): CodeIgniter\Encryption\Encryption->initialize(Object(Config\Encryption))
#2 C:\xampp\htdocs\ci4app\system\Config\BaseService.php(263): CodeIgniter\Config\Services::encrypter()
#3 C:\xampp\htdocs\ci4app\app\Controllers\Admin\Users.php(86): CodeIgniter\Config\BaseService::__callStatic('encrypter', Array)
#4 C:\xampp\htdocs\ci4app\system\CodeIgniter.php(928): App\Controllers\Admin\Users->sistem()
#5 C:\xampp\htdocs\ci4app\system\CodeIgniter.php(436): CodeIgniter\CodeIgniter->runController(Object(App\Controllers\Admin\Users))
#6 C:\xampp\htdocs\ci4app\system\CodeIgniter.php(336): CodeIgniter\CodeIgniter->handleRequest(NULL, Object(Config\Cache), false)
#7 C:\xampp\htdocs\ci4app\public\index.php(37): CodeIgniter\CodeIgniter->run()
#8 C:\xampp\htdocs\ci4app\system\Commands\Server\rewrite.php(45): require_once('C:\\xampp\\htdocs...')
#9 {main}
CRITICAL - 2021-06-15 00:49:22 --> Encrypter needs a starter key.
#0 C:\xampp\htdocs\ci4app\system\Encryption\Encryption.php(138): CodeIgniter\Encryption\Exceptions\EncryptionException::forNeedsStarterKey()
#1 C:\xampp\htdocs\ci4app\system\Config\Services.php(247): CodeIgniter\Encryption\Encryption->initialize(Object(Config\Encryption))
#2 C:\xampp\htdocs\ci4app\system\Config\BaseService.php(263): CodeIgniter\Config\Services::encrypter()
#3 C:\xampp\htdocs\ci4app\app\Controllers\Admin\Users.php(86): CodeIgniter\Config\BaseService::__callStatic('encrypter', Array)
#4 C:\xampp\htdocs\ci4app\system\CodeIgniter.php(928): App\Controllers\Admin\Users->sistem()
#5 C:\xampp\htdocs\ci4app\system\CodeIgniter.php(436): CodeIgniter\CodeIgniter->runController(Object(App\Controllers\Admin\Users))
#6 C:\xampp\htdocs\ci4app\system\CodeIgniter.php(336): CodeIgniter\CodeIgniter->handleRequest(NULL, Object(Config\Cache), false)
#7 C:\xampp\htdocs\ci4app\public\index.php(37): CodeIgniter\CodeIgniter->run()
#8 C:\xampp\htdocs\ci4app\system\Commands\Server\rewrite.php(45): require_once('C:\\xampp\\htdocs...')
#9 {main}
CRITICAL - 2021-06-15 00:54:23 --> Decrypting: authentication failed.
#0 C:\xampp\htdocs\ci4app\system\Encryption\Handlers\OpenSSLHandler.php(98): CodeIgniter\Encryption\Exceptions\EncryptionException::forAuthenticationFailed()
#1 C:\xampp\htdocs\ci4app\app\Controllers\Admin\Users.php(97): CodeIgniter\Encryption\Handlers\OpenSSLHandler->decrypt('???s??\x08p?rvP?')
#2 C:\xampp\htdocs\ci4app\system\CodeIgniter.php(928): App\Controllers\Admin\Users->sistem()
#3 C:\xampp\htdocs\ci4app\system\CodeIgniter.php(436): CodeIgniter\CodeIgniter->runController(Object(App\Controllers\Admin\Users))
#4 C:\xampp\htdocs\ci4app\system\CodeIgniter.php(336): CodeIgniter\CodeIgniter->handleRequest(NULL, Object(Config\Cache), false)
#5 C:\xampp\htdocs\ci4app\public\index.php(37): CodeIgniter\CodeIgniter->run()
#6 C:\xampp\htdocs\ci4app\system\Commands\Server\rewrite.php(45): require_once('C:\\xampp\\htdocs...')
#7 {main}
CRITICAL - 2021-06-15 00:56:13 --> Undefined array key 0
#0 C:\xampp\htdocs\ci4app\app\Controllers\Admin\Users.php(97): CodeIgniter\Debug\Exceptions->errorHandler(2, 'Undefined array...', 'C:\\xampp\\htdocs...', 97)
#1 C:\xampp\htdocs\ci4app\system\CodeIgniter.php(928): App\Controllers\Admin\Users->sistem()
#2 C:\xampp\htdocs\ci4app\system\CodeIgniter.php(436): CodeIgniter\CodeIgniter->runController(Object(App\Controllers\Admin\Users))
#3 C:\xampp\htdocs\ci4app\system\CodeIgniter.php(336): CodeIgniter\CodeIgniter->handleRequest(NULL, Object(Config\Cache), false)
#4 C:\xampp\htdocs\ci4app\public\index.php(37): CodeIgniter\CodeIgniter->run()
#5 C:\xampp\htdocs\ci4app\system\Commands\Server\rewrite.php(45): require_once('C:\\xampp\\htdocs...')
#6 {main}
CRITICAL - 2021-06-15 02:06:15 --> Undefined variable $valid
#0 C:\xampp\htdocs\ci4app\app\Views\home\tamplate.php(1): CodeIgniter\Debug\Exceptions->errorHandler(2, 'Undefined varia...', 'C:\\xampp\\htdocs...', 1)
#1 C:\xampp\htdocs\ci4app\system\View\View.php(230): include('C:\\xampp\\htdocs...')
#2 C:\xampp\htdocs\ci4app\system\View\View.php(232): CodeIgniter\View\View->CodeIgniter\View\{closure}()
#3 C:\xampp\htdocs\ci4app\system\Common.php(1271): CodeIgniter\View\View->render('home/tamplate', Array, true)
#4 C:\xampp\htdocs\ci4app\app\Controllers\Admin\Users.php(16): view('home/tamplate', Array)
#5 C:\xampp\htdocs\ci4app\system\CodeIgniter.php(928): App\Controllers\Admin\Users->index()
#6 C:\xampp\htdocs\ci4app\system\CodeIgniter.php(436): CodeIgniter\CodeIgniter->runController(Object(App\Controllers\Admin\Users))
#7 C:\xampp\htdocs\ci4app\system\CodeIgniter.php(336): CodeIgniter\CodeIgniter->handleRequest(NULL, Object(Config\Cache), false)
#8 C:\xampp\htdocs\ci4app\public\index.php(37): CodeIgniter\CodeIgniter->run()
#9 C:\xampp\htdocs\ci4app\system\Commands\Server\rewrite.php(45): require_once('C:\\xampp\\htdocs...')
#10 {main}
CRITICAL - 2021-06-15 02:07:10 --> Undefined variable $valid
#0 C:\xampp\htdocs\ci4app\app\Views\home\tamplate.php(1): CodeIgniter\Debug\Exceptions->errorHandler(2, 'Undefined varia...', 'C:\\xampp\\htdocs...', 1)
#1 C:\xampp\htdocs\ci4app\system\View\View.php(230): include('C:\\xampp\\htdocs...')
#2 C:\xampp\htdocs\ci4app\system\View\View.php(232): CodeIgniter\View\View->CodeIgniter\View\{closure}()
#3 C:\xampp\htdocs\ci4app\system\Common.php(1271): CodeIgniter\View\View->render('home/tamplate', Array, true)
#4 C:\xampp\htdocs\ci4app\app\Controllers\Admin\Users.php(16): view('home/tamplate', Array)
#5 C:\xampp\htdocs\ci4app\system\CodeIgniter.php(928): App\Controllers\Admin\Users->index()
#6 C:\xampp\htdocs\ci4app\system\CodeIgniter.php(436): CodeIgniter\CodeIgniter->runController(Object(App\Controllers\Admin\Users))
#7 C:\xampp\htdocs\ci4app\system\CodeIgniter.php(336): CodeIgniter\CodeIgniter->handleRequest(NULL, Object(Config\Cache), false)
#8 C:\xampp\htdocs\ci4app\public\index.php(37): CodeIgniter\CodeIgniter->run()
#9 C:\xampp\htdocs\ci4app\system\Commands\Server\rewrite.php(45): require_once('C:\\xampp\\htdocs...')
#10 {main}
CRITICAL - 2021-06-15 02:07:11 --> Invalid file: layout/layout.php
#0 C:\xampp\htdocs\ci4app\system\View\View.php(213): CodeIgniter\Exceptions\FrameworkException::forInvalidFile('layout/layout.p...')
#1 C:\xampp\htdocs\ci4app\system\View\View.php(246): CodeIgniter\View\View->render('layout/layout', Array, true)
#2 C:\xampp\htdocs\ci4app\system\Common.php(1271): CodeIgniter\View\View->render('home/users', Array, true)
#3 C:\xampp\htdocs\ci4app\app\Controllers\Admin\Users.php(24): view('home/users', Array)
#4 C:\xampp\htdocs\ci4app\system\CodeIgniter.php(928): App\Controllers\Admin\Users->user()
#5 C:\xampp\htdocs\ci4app\system\CodeIgniter.php(436): CodeIgniter\CodeIgniter->runController(Object(App\Controllers\Admin\Users))
#6 C:\xampp\htdocs\ci4app\system\CodeIgniter.php(336): CodeIgniter\CodeIgniter->handleRequest(NULL, Object(Config\Cache), false)
#7 C:\xampp\htdocs\ci4app\public\index.php(37): CodeIgniter\CodeIgniter->run()
#8 C:\xampp\htdocs\ci4app\system\Commands\Server\rewrite.php(45): require_once('C:\\xampp\\htdocs...')
#9 {main}
CRITICAL - 2021-06-15 02:07:12 --> Undefined variable $valid
#0 C:\xampp\htdocs\ci4app\app\Views\home\tamplate.php(1): CodeIgniter\Debug\Exceptions->errorHandler(2, 'Undefined varia...', 'C:\\xampp\\htdocs...', 1)
#1 C:\xampp\htdocs\ci4app\system\View\View.php(230): include('C:\\xampp\\htdocs...')
#2 C:\xampp\htdocs\ci4app\system\View\View.php(232): CodeIgniter\View\View->CodeIgniter\View\{closure}()
#3 C:\xampp\htdocs\ci4app\system\Common.php(1271): CodeIgniter\View\View->render('home/tamplate', Array, true)
#4 C:\xampp\htdocs\ci4app\app\Controllers\Admin\Users.php(16): view('home/tamplate', Array)
#5 C:\xampp\htdocs\ci4app\system\CodeIgniter.php(928): App\Controllers\Admin\Users->index()
#6 C:\xampp\htdocs\ci4app\system\CodeIgniter.php(436): CodeIgniter\CodeIgniter->runController(Object(App\Controllers\Admin\Users))
#7 C:\xampp\htdocs\ci4app\system\CodeIgniter.php(336): CodeIgniter\CodeIgniter->handleRequest(NULL, Object(Config\Cache), false)
#8 C:\xampp\htdocs\ci4app\public\index.php(37): CodeIgniter\CodeIgniter->run()
#9 C:\xampp\htdocs\ci4app\system\Commands\Server\rewrite.php(45): require_once('C:\\xampp\\htdocs...')
#10 {main}
CRITICAL - 2021-06-15 02:07:13 --> Invalid file: layout/layout.php
#0 C:\xampp\htdocs\ci4app\system\View\View.php(213): CodeIgniter\Exceptions\FrameworkException::forInvalidFile('layout/layout.p...')
#1 C:\xampp\htdocs\ci4app\system\View\View.php(246): CodeIgniter\View\View->render('layout/layout', Array, true)
#2 C:\xampp\htdocs\ci4app\system\Common.php(1271): CodeIgniter\View\View->render('home/users', Array, true)
#3 C:\xampp\htdocs\ci4app\app\Controllers\Admin\Users.php(24): view('home/users', Array)
#4 C:\xampp\htdocs\ci4app\system\CodeIgniter.php(928): App\Controllers\Admin\Users->user()
#5 C:\xampp\htdocs\ci4app\system\CodeIgniter.php(436): CodeIgniter\CodeIgniter->runController(Object(App\Controllers\Admin\Users))
#6 C:\xampp\htdocs\ci4app\system\CodeIgniter.php(336): CodeIgniter\CodeIgniter->handleRequest(NULL, Object(Config\Cache), false)
#7 C:\xampp\htdocs\ci4app\public\index.php(37): CodeIgniter\CodeIgniter->run()
#8 C:\xampp\htdocs\ci4app\system\Commands\Server\rewrite.php(45): require_once('C:\\xampp\\htdocs...')
#9 {main}
CRITICAL - 2021-06-15 02:07:14 --> Undefined variable $valid
#0 C:\xampp\htdocs\ci4app\app\Views\home\tamplate.php(1): CodeIgniter\Debug\Exceptions->errorHandler(2, 'Undefined varia...', 'C:\\xampp\\htdocs...', 1)
#1 C:\xampp\htdocs\ci4app\system\View\View.php(230): include('C:\\xampp\\htdocs...')
#2 C:\xampp\htdocs\ci4app\system\View\View.php(232): CodeIgniter\View\View->CodeIgniter\View\{closure}()
#3 C:\xampp\htdocs\ci4app\system\Common.php(1271): CodeIgniter\View\View->render('home/tamplate', Array, true)
#4 C:\xampp\htdocs\ci4app\app\Controllers\Admin\Users.php(16): view('home/tamplate', Array)
#5 C:\xampp\htdocs\ci4app\system\CodeIgniter.php(928): App\Controllers\Admin\Users->index()
#6 C:\xampp\htdocs\ci4app\system\CodeIgniter.php(436): CodeIgniter\CodeIgniter->runController(Object(App\Controllers\Admin\Users))
#7 C:\xampp\htdocs\ci4app\system\CodeIgniter.php(336): CodeIgniter\CodeIgniter->handleRequest(NULL, Object(Config\Cache), false)
#8 C:\xampp\htdocs\ci4app\public\index.php(37): CodeIgniter\CodeIgniter->run()
#9 C:\xampp\htdocs\ci4app\system\Commands\Server\rewrite.php(45): require_once('C:\\xampp\\htdocs...')
#10 {main}
CRITICAL - 2021-06-15 02:07:22 --> Undefined variable $valid
#0 C:\xampp\htdocs\ci4app\app\Views\home\tamplate.php(1): CodeIgniter\Debug\Exceptions->errorHandler(2, 'Undefined varia...', 'C:\\xampp\\htdocs...', 1)
#1 C:\xampp\htdocs\ci4app\system\View\View.php(230): include('C:\\xampp\\htdocs...')
#2 C:\xampp\htdocs\ci4app\system\View\View.php(232): CodeIgniter\View\View->CodeIgniter\View\{closure}()
#3 C:\xampp\htdocs\ci4app\system\Common.php(1271): CodeIgniter\View\View->render('home/tamplate', Array, true)
#4 C:\xampp\htdocs\ci4app\app\Controllers\Admin\Users.php(16): view('home/tamplate', Array)
#5 C:\xampp\htdocs\ci4app\system\CodeIgniter.php(928): App\Controllers\Admin\Users->index()
#6 C:\xampp\htdocs\ci4app\system\CodeIgniter.php(436): CodeIgniter\CodeIgniter->runController(Object(App\Controllers\Admin\Users))
#7 C:\xampp\htdocs\ci4app\system\CodeIgniter.php(336): CodeIgniter\CodeIgniter->handleRequest(NULL, Object(Config\Cache), false)
#8 C:\xampp\htdocs\ci4app\public\index.php(37): CodeIgniter\CodeIgniter->run()
#9 C:\xampp\htdocs\ci4app\system\Commands\Server\rewrite.php(45): require_once('C:\\xampp\\htdocs...')
#10 {main}
CRITICAL - 2021-06-15 03:02:20 --> Undefined variable $role
#0 C:\xampp\htdocs\ci4app\app\Views\home\tamplate.php(2): CodeIgniter\Debug\Exceptions->errorHandler(2, 'Undefined varia...', 'C:\\xampp\\htdocs...', 2)
#1 C:\xampp\htdocs\ci4app\system\View\View.php(230): include('C:\\xampp\\htdocs...')
#2 C:\xampp\htdocs\ci4app\system\View\View.php(232): CodeIgniter\View\View->CodeIgniter\View\{closure}()
#3 C:\xampp\htdocs\ci4app\system\Common.php(1271): CodeIgniter\View\View->render('home/tamplate', Array, true)
#4 C:\xampp\htdocs\ci4app\app\Controllers\Admin\Users.php(16): view('home/tamplate', Array)
#5 C:\xampp\htdocs\ci4app\system\CodeIgniter.php(928): App\Controllers\Admin\Users->index()
#6 C:\xampp\htdocs\ci4app\system\CodeIgniter.php(436): CodeIgniter\CodeIgniter->runController(Object(App\Controllers\Admin\Users))
#7 C:\xampp\htdocs\ci4app\system\CodeIgniter.php(336): CodeIgniter\CodeIgniter->handleRequest(NULL, Object(Config\Cache), false)
#8 C:\xampp\htdocs\ci4app\public\index.php(37): CodeIgniter\CodeIgniter->run()
#9 C:\xampp\htdocs\ci4app\system\Commands\Server\rewrite.php(45): require_once('C:\\xampp\\htdocs...')
#10 {main}
CRITICAL - 2021-06-15 03:02:22 --> Undefined variable $role
#0 C:\xampp\htdocs\ci4app\app\Views\home\tamplate.php(2): CodeIgniter\Debug\Exceptions->errorHandler(2, 'Undefined varia...', 'C:\\xampp\\htdocs...', 2)
#1 C:\xampp\htdocs\ci4app\system\View\View.php(230): include('C:\\xampp\\htdocs...')
#2 C:\xampp\htdocs\ci4app\system\View\View.php(232): CodeIgniter\View\View->CodeIgniter\View\{closure}()
#3 C:\xampp\htdocs\ci4app\system\Common.php(1271): CodeIgniter\View\View->render('home/tamplate', Array, true)
#4 C:\xampp\htdocs\ci4app\app\Controllers\Admin\Users.php(16): view('home/tamplate', Array)
#5 C:\xampp\htdocs\ci4app\system\CodeIgniter.php(928): App\Controllers\Admin\Users->index()
#6 C:\xampp\htdocs\ci4app\system\CodeIgniter.php(436): CodeIgniter\CodeIgniter->runController(Object(App\Controllers\Admin\Users))
#7 C:\xampp\htdocs\ci4app\system\CodeIgniter.php(336): CodeIgniter\CodeIgniter->handleRequest(NULL, Object(Config\Cache), false)
#8 C:\xampp\htdocs\ci4app\public\index.php(37): CodeIgniter\CodeIgniter->run()
#9 C:\xampp\htdocs\ci4app\system\Commands\Server\rewrite.php(45): require_once('C:\\xampp\\htdocs...')
#10 {main}
CRITICAL - 2021-06-15 03:02:22 --> Undefined variable $role
#0 C:\xampp\htdocs\ci4app\app\Views\home\tamplate.php(2): CodeIgniter\Debug\Exceptions->errorHandler(2, 'Undefined varia...', 'C:\\xampp\\htdocs...', 2)
#1 C:\xampp\htdocs\ci4app\system\View\View.php(230): include('C:\\xampp\\htdocs...')
#2 C:\xampp\htdocs\ci4app\system\View\View.php(232): CodeIgniter\View\View->CodeIgniter\View\{closure}()
#3 C:\xampp\htdocs\ci4app\system\Common.php(1271): CodeIgniter\View\View->render('home/tamplate', Array, true)
#4 C:\xampp\htdocs\ci4app\app\Controllers\Admin\Users.php(16): view('home/tamplate', Array)
#5 C:\xampp\htdocs\ci4app\system\CodeIgniter.php(928): App\Controllers\Admin\Users->index()
#6 C:\xampp\htdocs\ci4app\system\CodeIgniter.php(436): CodeIgniter\CodeIgniter->runController(Object(App\Controllers\Admin\Users))
#7 C:\xampp\htdocs\ci4app\system\CodeIgniter.php(336): CodeIgniter\CodeIgniter->handleRequest(NULL, Object(Config\Cache), false)
#8 C:\xampp\htdocs\ci4app\public\index.php(37): CodeIgniter\CodeIgniter->run()
#9 C:\xampp\htdocs\ci4app\system\Commands\Server\rewrite.php(45): require_once('C:\\xampp\\htdocs...')
#10 {main}
CRITICAL - 2021-06-15 03:02:23 --> Undefined variable $role
#0 C:\xampp\htdocs\ci4app\app\Views\home\tamplate.php(2): CodeIgniter\Debug\Exceptions->errorHandler(2, 'Undefined varia...', 'C:\\xampp\\htdocs...', 2)
#1 C:\xampp\htdocs\ci4app\system\View\View.php(230): include('C:\\xampp\\htdocs...')
#2 C:\xampp\htdocs\ci4app\system\View\View.php(232): CodeIgniter\View\View->CodeIgniter\View\{closure}()
#3 C:\xampp\htdocs\ci4app\system\Common.php(1271): CodeIgniter\View\View->render('home/tamplate', Array, true)
#4 C:\xampp\htdocs\ci4app\app\Controllers\Admin\Users.php(16): view('home/tamplate', Array)
#5 C:\xampp\htdocs\ci4app\system\CodeIgniter.php(928): App\Controllers\Admin\Users->index()
#6 C:\xampp\htdocs\ci4app\system\CodeIgniter.php(436): CodeIgniter\CodeIgniter->runController(Object(App\Controllers\Admin\Users))
#7 C:\xampp\htdocs\ci4app\system\CodeIgniter.php(336): CodeIgniter\CodeIgniter->handleRequest(NULL, Object(Config\Cache), false)
#8 C:\xampp\htdocs\ci4app\public\index.php(37): CodeIgniter\CodeIgniter->run()
#9 C:\xampp\htdocs\ci4app\system\Commands\Server\rewrite.php(45): require_once('C:\\xampp\\htdocs...')
#10 {main}
CRITICAL - 2021-06-15 03:02:24 --> Undefined variable $role
#0 C:\xampp\htdocs\ci4app\app\Views\home\tamplate.php(2): CodeIgniter\Debug\Exceptions->errorHandler(2, 'Undefined varia...', 'C:\\xampp\\htdocs...', 2)
#1 C:\xampp\htdocs\ci4app\system\View\View.php(230): include('C:\\xampp\\htdocs...')
#2 C:\xampp\htdocs\ci4app\system\View\View.php(232): CodeIgniter\View\View->CodeIgniter\View\{closure}()
#3 C:\xampp\htdocs\ci4app\system\Common.php(1271): CodeIgniter\View\View->render('home/tamplate', Array, true)
#4 C:\xampp\htdocs\ci4app\app\Controllers\Admin\Users.php(16): view('home/tamplate', Array)
#5 C:\xampp\htdocs\ci4app\system\CodeIgniter.php(928): App\Controllers\Admin\Users->index()
#6 C:\xampp\htdocs\ci4app\system\CodeIgniter.php(436): CodeIgniter\CodeIgniter->runController(Object(App\Controllers\Admin\Users))
#7 C:\xampp\htdocs\ci4app\system\CodeIgniter.php(336): CodeIgniter\CodeIgniter->handleRequest(NULL, Object(Config\Cache), false)
#8 C:\xampp\htdocs\ci4app\public\index.php(37): CodeIgniter\CodeIgniter->run()
#9 C:\xampp\htdocs\ci4app\system\Commands\Server\rewrite.php(45): require_once('C:\\xampp\\htdocs...')
#10 {main}
CRITICAL - 2021-06-15 03:02:46 --> Invalid file: layout/layout.php
#0 C:\xampp\htdocs\ci4app\system\View\View.php(213): CodeIgniter\Exceptions\FrameworkException::forInvalidFile('layout/layout.p...')
#1 C:\xampp\htdocs\ci4app\system\View\View.php(246): CodeIgniter\View\View->render('layout/layout', Array, true)
#2 C:\xampp\htdocs\ci4app\system\Common.php(1271): CodeIgniter\View\View->render('home/users', Array, true)
#3 C:\xampp\htdocs\ci4app\app\Controllers\Admin\Users.php(24): view('home/users', Array)
#4 C:\xampp\htdocs\ci4app\system\CodeIgniter.php(928): App\Controllers\Admin\Users->user()
#5 C:\xampp\htdocs\ci4app\system\CodeIgniter.php(436): CodeIgniter\CodeIgniter->runController(Object(App\Controllers\Admin\Users))
#6 C:\xampp\htdocs\ci4app\system\CodeIgniter.php(336): CodeIgniter\CodeIgniter->handleRequest(NULL, Object(Config\Cache), false)
#7 C:\xampp\htdocs\ci4app\public\index.php(37): CodeIgniter\CodeIgniter->run()
#8 C:\xampp\htdocs\ci4app\system\Commands\Server\rewrite.php(45): require_once('C:\\xampp\\htdocs...')
#9 {main}
CRITICAL - 2021-06-15 03:02:58 --> Undefined variable $role
#0 C:\xampp\htdocs\ci4app\app\Views\home\tamplate.php(2): CodeIgniter\Debug\Exceptions->errorHandler(2, 'Undefined varia...', 'C:\\xampp\\htdocs...', 2)
#1 C:\xampp\htdocs\ci4app\system\View\View.php(230): include('C:\\xampp\\htdocs...')
#2 C:\xampp\htdocs\ci4app\system\View\View.php(232): CodeIgniter\View\View->CodeIgniter\View\{closure}()
#3 C:\xampp\htdocs\ci4app\system\Common.php(1271): CodeIgniter\View\View->render('home/tamplate', Array, true)
#4 C:\xampp\htdocs\ci4app\app\Controllers\Admin\Users.php(16): view('home/tamplate', Array)
#5 C:\xampp\htdocs\ci4app\system\CodeIgniter.php(928): App\Controllers\Admin\Users->index()
#6 C:\xampp\htdocs\ci4app\system\CodeIgniter.php(436): CodeIgniter\CodeIgniter->runController(Object(App\Controllers\Admin\Users))
#7 C:\xampp\htdocs\ci4app\system\CodeIgniter.php(336): CodeIgniter\CodeIgniter->handleRequest(NULL, Object(Config\Cache), false)
#8 C:\xampp\htdocs\ci4app\public\index.php(37): CodeIgniter\CodeIgniter->run()
#9 C:\xampp\htdocs\ci4app\system\Commands\Server\rewrite.php(45): require_once('C:\\xampp\\htdocs...')
#10 {main}
CRITICAL - 2021-06-15 03:10:38 --> Invalid file: layout/layout.php
#0 C:\xampp\htdocs\ci4app\system\View\View.php(213): CodeIgniter\Exceptions\FrameworkException::forInvalidFile('layout/layout.p...')
#1 C:\xampp\htdocs\ci4app\system\View\View.php(246): CodeIgniter\View\View->render('layout/layout', Array, true)
#2 C:\xampp\htdocs\ci4app\system\Common.php(1271): CodeIgniter\View\View->render('home/users', Array, true)
#3 C:\xampp\htdocs\ci4app\app\Controllers\Admin\Users.php(32): view('home/users', Array)
#4 C:\xampp\htdocs\ci4app\system\CodeIgniter.php(928): App\Controllers\Admin\Users->user()
#5 C:\xampp\htdocs\ci4app\system\CodeIgniter.php(436): CodeIgniter\CodeIgniter->runController(Object(App\Controllers\Admin\Users))
#6 C:\xampp\htdocs\ci4app\system\CodeIgniter.php(336): CodeIgniter\CodeIgniter->handleRequest(NULL, Object(Config\Cache), false)
#7 C:\xampp\htdocs\ci4app\public\index.php(37): CodeIgniter\CodeIgniter->run()
#8 C:\xampp\htdocs\ci4app\system\Commands\Server\rewrite.php(45): require_once('C:\\xampp\\htdocs...')
#9 {main}
CRITICAL - 2021-06-15 03:12:06 --> Invalid file: layout/tamplateadmin.php
#0 C:\xampp\htdocs\ci4app\system\View\View.php(213): CodeIgniter\Exceptions\FrameworkException::forInvalidFile('layout/tamplate...')
#1 C:\xampp\htdocs\ci4app\system\View\View.php(246): CodeIgniter\View\View->render('layout/tamplate...', Array, true)
#2 C:\xampp\htdocs\ci4app\system\Common.php(1271): CodeIgniter\View\View->render('home/users', Array, true)
#3 C:\xampp\htdocs\ci4app\app\Controllers\Admin\Users.php(32): view('home/users', Array)
#4 C:\xampp\htdocs\ci4app\system\CodeIgniter.php(928): App\Controllers\Admin\Users->user()
#5 C:\xampp\htdocs\ci4app\system\CodeIgniter.php(436): CodeIgniter\CodeIgniter->runController(Object(App\Controllers\Admin\Users))
#6 C:\xampp\htdocs\ci4app\system\CodeIgniter.php(336): CodeIgniter\CodeIgniter->handleRequest(NULL, Object(Config\Cache), false)
#7 C:\xampp\htdocs\ci4app\public\index.php(37): CodeIgniter\CodeIgniter->run()
#8 C:\xampp\htdocs\ci4app\system\Commands\Server\rewrite.php(45): require_once('C:\\xampp\\htdocs...')
#9 {main}
CRITICAL - 2021-06-15 03:20:08 --> CodeIgniter\Session\Session::markAsTempdata(): Argument #2 ($ttl) must be of type int, string given, called in C:\xampp\htdocs\ci4app\app\Controllers\Admin\Users.php on line 110
#0 C:\xampp\htdocs\ci4app\app\Controllers\Admin\Users.php(110): CodeIgniter\Session\Session->markAsTempdata('role', 'Guest', 300)
#1 C:\xampp\htdocs\ci4app\system\CodeIgniter.php(928): App\Controllers\Admin\Users->sistem()
#2 C:\xampp\htdocs\ci4app\system\CodeIgniter.php(436): CodeIgniter\CodeIgniter->runController(Object(App\Controllers\Admin\Users))
#3 C:\xampp\htdocs\ci4app\system\CodeIgniter.php(336): CodeIgniter\CodeIgniter->handleRequest(NULL, Object(Config\Cache), false)
#4 C:\xampp\htdocs\ci4app\public\index.php(37): CodeIgniter\CodeIgniter->run()
#5 C:\xampp\htdocs\ci4app\system\Commands\Server\rewrite.php(45): require_once('C:\\xampp\\htdocs...')
#6 {main}
CRITICAL - 2021-06-15 03:21:07 --> Call to undefined method CodeIgniter\Session\Session::getVar()
#0 C:\xampp\htdocs\ci4app\system\CodeIgniter.php(928): App\Controllers\Admin\Users->index()
#1 C:\xampp\htdocs\ci4app\system\CodeIgniter.php(436): CodeIgniter\CodeIgniter->runController(Object(App\Controllers\Admin\Users))
#2 C:\xampp\htdocs\ci4app\system\CodeIgniter.php(336): CodeIgniter\CodeIgniter->handleRequest(NULL, Object(Config\Cache), false)
#3 C:\xampp\htdocs\ci4app\public\index.php(37): CodeIgniter\CodeIgniter->run()
#4 C:\xampp\htdocs\ci4app\system\Commands\Server\rewrite.php(45): require_once('C:\\xampp\\htdocs...')
#5 {main}
